#
# There is insufficient memory for the Java Runtime Environment to continue.
# Native memory allocation (malloc) failed to allocate 1656976 bytes for Chunk::new
# Possible reasons:
#   The system is out of physical RAM or swap space
#   The process is running with CompressedOops enabled, and the Java Heap may be blocking the growth of the native heap
# Possible solutions:
#   Reduce memory load on the system
#   Increase physical memory or swap space
#   Check if swap backing store is full
#   Decrease Java heap size (-Xmx/-Xms)
#   Decrease number of Java threads
#   Decrease Java thread stack sizes (-Xss)
#   Set larger code cache with -XX:ReservedCodeCacheSize=
#   JVM is running with Unscaled Compressed Oops mode in which the Java heap is
#     placed in the first 4GB address space. The Java Heap base address is the
#     maximum limit for the native heap growth. Please use -XX:HeapBaseMinAddress
#     to set the Java Heap base and to place the Java Heap above 4GB virtual address.
# This output file may be truncated or incomplete.
#
#  Out of Memory Error (allocation.cpp:389), pid=8104, tid=0x0000000000000684
#
# JRE version: OpenJDK Runtime Environment (8.0_202-b03) (build 1.8.0_202-release-1483-b03)
# Java VM: OpenJDK 64-Bit Server VM (25.202-b03 mixed mode windows-amd64 compressed oops)
# Failed to write core dump. Minidumps are not enabled by default on client versions of Windows
#

---------------  T H R E A D  ---------------

Current thread (0x0000000009455800):  JavaThread "C2 CompilerThread0" daemon [_thread_in_native, id=1668, stack(0x0000000009d00000,0x0000000009e00000)]

Stack: [0x0000000009d00000,0x0000000009e00000]
[error occurred during error reporting (printing stack bounds), id 0xc0000005]

Native frames: (J=compiled Java code, j=interpreted, Vv=VM code, C=native code)


Current CompileTask:
C2:6928817 30594       4       com.android.ide.common.resources.NodeUtils::updateNamespace (161 bytes)


---------------  P R O C E S S  ---------------

Java Threads: ( => current thread )
  0x00000000218bc800 JavaThread "WorkerExecutor Queue Thread 8" [_thread_blocked, id=8700, stack(0x0000000030a00000,0x0000000030b00000)]
  0x00000000218bf800 JavaThread "WorkerExecutor Queue Thread 7" [_thread_blocked, id=14780, stack(0x0000000030900000,0x0000000030a00000)]
  0x00000000218bc000 JavaThread "WorkerExecutor Queue Thread 6" [_thread_blocked, id=3792, stack(0x0000000030800000,0x0000000030900000)]
  0x00000000218bb000 JavaThread "WorkerExecutor Queue Thread 5" [_thread_blocked, id=7924, stack(0x0000000030700000,0x0000000030800000)]
  0x000000001e812800 JavaThread "WorkerExecutor Queue Thread 4" [_thread_blocked, id=12424, stack(0x0000000030400000,0x0000000030500000)]
  0x000000001e812000 JavaThread "WorkerExecutor Queue Thread 3" [_thread_blocked, id=7848, stack(0x0000000030300000,0x0000000030400000)]
  0x000000001e815000 JavaThread "WorkerExecutor Queue Thread 2" [_thread_blocked, id=15932, stack(0x0000000030200000,0x0000000030300000)]
  0x000000001e80e000 JavaThread "WorkerExecutor Queue" [_thread_blocked, id=1732, stack(0x0000000030100000,0x0000000030200000)]
  0x000000001e811000 JavaThread "Cache worker for execution history cache (F:\ANDROID DEVELOPMENT\Task 2 (Register - Login - Reset password)\.gradle\5.4.1\executionHistory)" [_thread_blocked, id=12652, stack(0x0000000030000000,0x0000000030100000)]
  0x000000001e80d800 JavaThread "Execution worker for ':' Thread 7" [_thread_blocked, id=8716, stack(0x000000002ff00000,0x0000000030000000)]
  0x000000001e80f800 JavaThread "Execution worker for ':' Thread 6" [_thread_blocked, id=16260, stack(0x000000002fe00000,0x000000002ff00000)]
  0x000000001e80c000 JavaThread "Execution worker for ':' Thread 5" [_thread_blocked, id=8940, stack(0x000000002fd00000,0x000000002fe00000)]
  0x000000001e80f000 JavaThread "Execution worker for ':' Thread 4" [_thread_blocked, id=12588, stack(0x000000002fc00000,0x000000002fd00000)]
  0x000000001e80b000 JavaThread "Execution worker for ':' Thread 3" [_thread_in_Java, id=17308, stack(0x000000002f900000,0x000000002fa00000)]
  0x00000000200f1800 JavaThread "Execution worker for ':' Thread 2" [_thread_blocked, id=4516, stack(0x000000002f800000,0x000000002f900000)]
  0x00000000200f2000 JavaThread "Execution worker for ':'" [_thread_blocked, id=8008, stack(0x000000002d2a0000,0x000000002d3a0000)]
  0x00000000200ed800 JavaThread "Cache worker for file content cache (F:\ANDROID DEVELOPMENT\Task 2 (Register - Login - Reset password)\.gradle\5.4.1\fileContent)" [_thread_blocked, id=17128, stack(0x000000002b520000,0x000000002b620000)]
  0x00000000200ef000 JavaThread "Cache worker for Build Output Cleanup Cache (F:\ANDROID DEVELOPMENT\Task 2 (Register - Login - Reset password)\.gradle\buildOutputCleanup)" [_thread_blocked, id=5628, stack(0x000000002add0000,0x000000002aed0000)]
  0x00000000200ee800 JavaThread "Build operations Thread 8" [_thread_blocked, id=3724, stack(0x000000002a670000,0x000000002a770000)]
  0x00000000200f0800 JavaThread "Build operations Thread 7" [_thread_blocked, id=5740, stack(0x000000002a350000,0x000000002a450000)]
  0x00000000200ea800 JavaThread "Build operations Thread 6" [_thread_blocked, id=17312, stack(0x0000000029d70000,0x0000000029e70000)]
  0x00000000200e9800 JavaThread "Build operations Thread 5" [_thread_blocked, id=5380, stack(0x0000000029360000,0x0000000029460000)]
  0x00000000200ed000 JavaThread "Build operations Thread 4" [_thread_blocked, id=15700, stack(0x00000000287a0000,0x00000000288a0000)]
  0x00000000200e6000 JavaThread "Build operations Thread 3" [_thread_blocked, id=4688, stack(0x0000000025c20000,0x0000000025d20000)]
  0x00000000200e8000 JavaThread "Build operations Thread 2" [_thread_blocked, id=11240, stack(0x00000000251e0000,0x00000000252e0000)]
  0x00000000200e3800 JavaThread "Build operations" [_thread_blocked, id=16300, stack(0x0000000024720000,0x0000000024820000)]
  0x00000000200e3000 JavaThread "Cache worker for cache directory md-rule (C:\Users\AlexV\.gradle\caches\5.4.1\md-rule)" [_thread_blocked, id=5392, stack(0x0000000024220000,0x0000000024320000)]
  0x00000000200e4800 JavaThread "Cache worker for cache directory md-supplier (C:\Users\AlexV\.gradle\caches\5.4.1\md-supplier)" [_thread_blocked, id=13912, stack(0x0000000024120000,0x0000000024220000)]
  0x000000001e4eb000 JavaThread "Cache worker for file hash cache (F:\ANDROID DEVELOPMENT\Task 2 (Register - Login - Reset password)\.gradle\5.4.1\fileHashes)" [_thread_blocked, id=8000, stack(0x0000000022d80000,0x0000000022e80000)]
  0x000000001e4e5000 JavaThread "Thread-420" [_thread_blocked, id=3708, stack(0x0000000022a50000,0x0000000022b50000)]
  0x000000001e4e1000 JavaThread "Stdin handler" [_thread_blocked, id=4280, stack(0x000000000e470000,0x000000000e570000)]
  0x000000001e4e4000 JavaThread "Asynchronous log dispatcher for DefaultDaemonConnection: socket connection from /127.0.0.1:61821 to /127.0.0.1:64039" [_thread_blocked, id=14388, stack(0x000000000c9a0000,0x000000000caa0000)]
  0x000000001e4e3800 JavaThread "Daemon worker Thread 10" [_thread_blocked, id=7744, stack(0x000000000c8a0000,0x000000000c9a0000)]
  0x000000001e4df000 JavaThread "Cancel handler" [_thread_blocked, id=12632, stack(0x000000000c7a0000,0x000000000c8a0000)]
  0x000000001e4dd800 JavaThread "Handler for socket connection from /127.0.0.1:61821 to /127.0.0.1:64039" [_thread_in_native, id=3804, stack(0x000000000c4a0000,0x000000000c5a0000)]
  0x000000001e4e0800 JavaThread "Daemon Thread 10" [_thread_blocked, id=1584, stack(0x000000000c3a0000,0x000000000c4a0000)]
  0x000000000b454800 JavaThread "Cache worker for Java compile cache (C:\Users\AlexV\.gradle\caches\5.4.1\javaCompile)" [_thread_blocked, id=17284, stack(0x000000002b420000,0x000000002b520000)]
  0x000000001e806800 JavaThread "MarlinRenderer Disposer" daemon [_thread_blocked, id=11256, stack(0x0000000029a70000,0x0000000029b70000)]
  0x000000001e809800 JavaThread "Java2D Disposer" daemon [_thread_blocked, id=996, stack(0x0000000029970000,0x0000000029a70000)]
  0x00000000200e6800 JavaThread "Cache worker for file content cache (C:\Users\AlexV\.gradle\caches\5.4.1\fileContent)" [_thread_blocked, id=13820, stack(0x00000000282a0000,0x00000000283a0000)]
  0x000000001e4e5800 JavaThread "Memory manager" [_thread_blocked, id=9296, stack(0x0000000024a30000,0x0000000024b30000)]
  0x000000000b454000 JavaThread "Cache worker for execution history cache (C:\Users\AlexV\.gradle\caches\5.4.1\executionHistory)" [_thread_blocked, id=9660, stack(0x0000000021180000,0x0000000021280000)]
  0x000000000b451800 JavaThread "Cache worker for journal cache (C:\Users\AlexV\.gradle\caches\journal-1)" [_thread_blocked, id=4888, stack(0x000000000cfa0000,0x000000000d0a0000)]
  0x000000000b44f800 JavaThread "File lock request listener" [_thread_in_native, id=11300, stack(0x000000000cea0000,0x000000000cfa0000)]
  0x000000000b4b1800 JavaThread "Cache worker for file hash cache (C:\Users\AlexV\.gradle\caches\5.4.1\fileHashes)" [_thread_blocked, id=12364, stack(0x000000000cda0000,0x000000000cea0000)]
  0x000000000a52f000 JavaThread "Daemon periodic checks" [_thread_blocked, id=4628, stack(0x000000000c2a0000,0x000000000c3a0000)]
  0x000000000a324800 JavaThread "Incoming local TCP Connector on port 61821" [_thread_in_native, id=7988, stack(0x000000000c0b0000,0x000000000c1b0000)]
  0x000000000b53c800 JavaThread "Daemon health stats" [_thread_blocked, id=13780, stack(0x000000000bad0000,0x000000000bbd0000)]
  0x00000000094eb000 JavaThread "Service Thread" daemon [_thread_blocked, id=16740, stack(0x000000000a100000,0x000000000a200000)]
  0x000000000946a800 JavaThread "C1 CompilerThread3" daemon [_thread_blocked, id=10260, stack(0x000000000a000000,0x000000000a100000)]
  0x000000000945d000 JavaThread "C2 CompilerThread2" daemon [_thread_in_native, id=17248, stack(0x0000000009f00000,0x000000000a000000)]
  0x0000000009457800 JavaThread "C2 CompilerThread1" daemon [_thread_in_native, id=3104, stack(0x0000000009e00000,0x0000000009f00000)]
=>0x0000000009455800 JavaThread "C2 CompilerThread0" daemon [_thread_in_native, id=1668, stack(0x0000000009d00000,0x0000000009e00000)]
  0x0000000009452000 JavaThread "Attach Listener" daemon [_thread_blocked, id=1048, stack(0x0000000009c00000,0x0000000009d00000)]
  0x0000000009451000 JavaThread "Signal Dispatcher" daemon [_thread_blocked, id=8208, stack(0x0000000009b00000,0x0000000009c00000)]
  0x0000000009441000 JavaThread "Finalizer" daemon [_thread_blocked, id=16268, stack(0x0000000009920000,0x0000000009a20000)]
  0x0000000009440800 JavaThread "Reference Handler" daemon [_thread_blocked, id=6160, stack(0x0000000009820000,0x0000000009920000)]
  0x000000000271e800 JavaThread "main" [_thread_blocked, id=16760, stack(0x00000000025e0000,0x00000000026e0000)]

Other Threads:
  0x0000000007636800 VMThread [stack: 0x0000000009320000,0x0000000009420000] [id=13528]
  0x000000000947c000 WatcherThread [stack: 0x000000000a200000,0x000000000a300000] [id=7180]

VM state:not at safepoint (normal execution)

VM Mutex/Monitor currently owned by a thread: None

heap address: 0x00000000a0000000, size: 1536 MB, Compressed Oops mode: 32-bit
Narrow klass base: 0x0000000000000000, Narrow klass shift: 3
Compressed class space size: 1073741824 Address: 0x0000000100000000

Heap:
 PSYoungGen      total 421376K, used 93521K [0x00000000e0000000, 0x00000000ff780000, 0x0000000100000000)
  eden space 340480K, 8% used [0x00000000e0000000,0x00000000e1b97258,0x00000000f4c80000)
  from space 80896K, 80% used [0x00000000fa780000,0x00000000fe73d430,0x00000000ff680000)
  to   space 87552K, 0% used [0x00000000f4c80000,0x00000000f4c80000,0x00000000fa200000)
 ParOldGen       total 238592K, used 128692K [0x00000000a0000000, 0x00000000ae900000, 0x00000000e0000000)
  object space 238592K, 53% used [0x00000000a0000000,0x00000000a7dad348,0x00000000ae900000)
 Metaspace       used 149797K, capacity 160160K, committed 160256K, reserved 1189888K
  class space    used 18883K, capacity 20693K, committed 20736K, reserved 1048576K

Card table byte_map: [0x0000000002c40000,0x0000000002f50000] byte_map_base: 0x0000000002740000

Marking Bits: (ParMarkBitMap*) 0x0000000060bf9f30
 Begin Bits: [0x0000000003950000, 0x0000000005150000)
 End Bits:   [0x0000000005150000, 0x0000000006950000)

Polling page: 0x0000000000e00000

CodeCache: size=245760Kb used=84494Kb max_used=84702Kb free=161265Kb
 bounds [0x000000000f010000, 0x0000000014350000, 0x000000001e010000]
 total_blobs=24712 nmethods=23668 adapters=953
 compilation: enabled

Compilation events (10 events):
Event: 6928.638 Thread 0x000000000946a800 30643       3       com.android.ide.common.blame.MergingLogPersistUtil$SourcePositionsSerializer::equals (155 bytes)
Event: 6928.639 Thread 0x000000000946a800 nmethod 30643 0x0000000011631dd0 code [0x0000000011632100, 0x0000000011633d58]
Event: 6928.655 Thread 0x000000000946a800 30645       3       com.google.gson.stream.JsonWriter::beginArray (12 bytes)
Event: 6928.656 Thread 0x000000000946a800 nmethod 30645 0x0000000011631610 code [0x00000000116317c0, 0x0000000011631be8]
Event: 6928.656 Thread 0x000000000946a800 30646       3       com.google.gson.stream.JsonWriter::endArray (9 bytes)
Event: 6928.656 Thread 0x000000000946a800 nmethod 30646 0x0000000011639810 code [0x0000000011639980, 0x0000000011639b28]
Event: 6928.698 Thread 0x000000000946a800 30648       3       com.android.ide.common.blame.MergingLogPersistUtil::normalize (27 bytes)
Event: 6928.700 Thread 0x000000000946a800 nmethod 30648 0x00000000116307d0 code [0x00000000116309a0, 0x00000000116311d8]
Event: 6928.700 Thread 0x000000000946a800 30649       3       com.android.ide.common.blame.MergingLogPersistUtil$$Lambda$1400/742855210::get$Lambda (9 bytes)
Event: 6928.700 Thread 0x000000000946a800 nmethod 30649 0x0000000011630310 code [0x0000000011630480, 0x00000000116306d0]

GC Heap History (10 events):
Event: 1970.408 GC heap before
{Heap before GC invocations=32 (full 4):
 PSYoungGen      total 479744K, used 479310K [0x00000000e0000000, 0x0000000100000000, 0x0000000100000000)
  eden space 446464K, 100% used [0x00000000e0000000,0x00000000fb400000,0x00000000fb400000)
  from space 33280K, 98% used [0x00000000fb400000,0x00000000fd413a90,0x00000000fd480000)
  to   space 41984K, 0% used [0x00000000fd700000,0x00000000fd700000,0x0000000100000000)
 ParOldGen       total 238592K, used 77327K [0x00000000a0000000, 0x00000000ae900000, 0x00000000e0000000)
  object space 238592K, 32% used [0x00000000a0000000,0x00000000a4b83ca0,0x00000000ae900000)
 Metaspace       used 138748K, capacity 145720K, committed 145792K, reserved 1175552K
  class space    used 17681K, capacity 19014K, committed 19072K, reserved 1048576K
Event: 1970.486 GC heap after
Heap after GC invocations=32 (full 4):
 PSYoungGen      total 450560K, used 41960K [0x00000000e0000000, 0x0000000100000000, 0x0000000100000000)
  eden space 408576K, 0% used [0x00000000e0000000,0x00000000e0000000,0x00000000f8f00000)
  from space 41984K, 99% used [0x00000000fd700000,0x00000000ffffa090,0x0000000100000000)
  to   space 57856K, 0% used [0x00000000f8f00000,0x00000000f8f00000,0x00000000fc780000)
 ParOldGen       total 238592K, used 104009K [0x00000000a0000000, 0x00000000ae900000, 0x00000000e0000000)
  object space 238592K, 43% used [0x00000000a0000000,0x00000000a65927e0,0x00000000ae900000)
 Metaspace       used 138748K, capacity 145720K, committed 145792K, reserved 1175552K
  class space    used 17681K, capacity 19014K, committed 19072K, reserved 1048576K
}
Event: 2371.386 GC heap before
{Heap before GC invocations=33 (full 4):
 PSYoungGen      total 450560K, used 450536K [0x00000000e0000000, 0x0000000100000000, 0x0000000100000000)
  eden space 408576K, 100% used [0x00000000e0000000,0x00000000f8f00000,0x00000000f8f00000)
  from space 41984K, 99% used [0x00000000fd700000,0x00000000ffffa090,0x0000000100000000)
  to   space 57856K, 0% used [0x00000000f8f00000,0x00000000f8f00000,0x00000000fc780000)
 ParOldGen       total 238592K, used 104009K [0x00000000a0000000, 0x00000000ae900000, 0x00000000e0000000)
  object space 238592K, 43% used [0x00000000a0000000,0x00000000a65927e0,0x00000000ae900000)
 Metaspace       used 143587K, capacity 150924K, committed 151168K, reserved 1181696K
  class space    used 18109K, capacity 19511K, committed 19584K, reserved 1048576K
Event: 2371.457 GC heap after
Heap after GC invocations=33 (full 4):
 PSYoungGen      total 451584K, used 57854K [0x00000000e0000000, 0x0000000100000000, 0x0000000100000000)
  eden space 393728K, 0% used [0x00000000e0000000,0x00000000e0000000,0x00000000f8080000)
  from space 57856K, 99% used [0x00000000f8f00000,0x00000000fc77f820,0x00000000fc780000)
  to   space 57856K, 0% used [0x00000000fc780000,0x00000000fc780000,0x0000000100000000)
 ParOldGen       total 238592K, used 110194K [0x00000000a0000000, 0x00000000ae900000, 0x00000000e0000000)
  object space 238592K, 46% used [0x00000000a0000000,0x00000000a6b9cbe0,0x00000000ae900000)
 Metaspace       used 143587K, capacity 150924K, committed 151168K, reserved 1181696K
  class space    used 18109K, capacity 19511K, committed 19584K, reserved 1048576K
}
Event: 2992.894 GC heap before
{Heap before GC invocations=34 (full 4):
 PSYoungGen      total 451584K, used 451582K [0x00000000e0000000, 0x0000000100000000, 0x0000000100000000)
  eden space 393728K, 100% used [0x00000000e0000000,0x00000000f8080000,0x00000000f8080000)
  from space 57856K, 99% used [0x00000000f8f00000,0x00000000fc77f820,0x00000000fc780000)
  to   space 57856K, 0% used [0x00000000fc780000,0x00000000fc780000,0x0000000100000000)
 ParOldGen       total 238592K, used 110194K [0x00000000a0000000, 0x00000000ae900000, 0x00000000e0000000)
  object space 238592K, 46% used [0x00000000a0000000,0x00000000a6b9cbe0,0x00000000ae900000)
 Metaspace       used 146147K, capacity 154066K, committed 154368K, reserved 1183744K
  class space    used 18385K, capacity 19877K, committed 19968K, reserved 1048576K
Event: 2992.974 GC heap after
Heap after GC invocations=34 (full 4):
 PSYoungGen      total 423424K, used 57848K [0x00000000e0000000, 0x0000000100000000, 0x0000000100000000)
  eden space 365568K, 0% used [0x00000000e0000000,0x00000000e0000000,0x00000000f6500000)
  from space 57856K, 99% used [0x00000000fc780000,0x00000000ffffe008,0x0000000100000000)
  to   space 79360K, 0% used [0x00000000f6500000,0x00000000f6500000,0x00000000fb280000)
 ParOldGen       total 238592K, used 121568K [0x00000000a0000000, 0x00000000ae900000, 0x00000000e0000000)
  object space 238592K, 50% used [0x00000000a0000000,0x00000000a76b8308,0x00000000ae900000)
 Metaspace       used 146147K, capacity 154066K, committed 154368K, reserved 1183744K
  class space    used 18385K, capacity 19877K, committed 19968K, reserved 1048576K
}
Event: 6531.054 GC heap before
{Heap before GC invocations=35 (full 4):
 PSYoungGen      total 423424K, used 423416K [0x00000000e0000000, 0x0000000100000000, 0x0000000100000000)
  eden space 365568K, 100% used [0x00000000e0000000,0x00000000f6500000,0x00000000f6500000)
  from space 57856K, 99% used [0x00000000fc780000,0x00000000ffffe008,0x0000000100000000)
  to   space 79360K, 0% used [0x00000000f6500000,0x00000000f6500000,0x00000000fb280000)
 ParOldGen       total 238592K, used 121568K [0x00000000a0000000, 0x00000000ae900000, 0x00000000e0000000)
  object space 238592K, 50% used [0x00000000a0000000,0x00000000a76b8308,0x00000000ae900000)
 Metaspace       used 147868K, capacity 156854K, committed 157056K, reserved 1185792K
  class space    used 18617K, capacity 20260K, committed 20352K, reserved 1048576K
Event: 6531.234 GC heap after
Heap after GC invocations=35 (full 4):
 PSYoungGen      total 402944K, used 49877K [0x00000000e0000000, 0x00000000ff680000, 0x0000000100000000)
  eden space 352768K, 0% used [0x00000000e0000000,0x00000000e0000000,0x00000000f5880000)
  from space 50176K, 99% used [0x00000000f6500000,0x00000000f95b55a8,0x00000000f9600000)
  to   space 80896K, 0% used [0x00000000fa780000,0x00000000fa780000,0x00000000ff680000)
 ParOldGen       total 238592K, used 128684K [0x00000000a0000000, 0x00000000ae900000, 0x00000000e0000000)
  object space 238592K, 53% used [0x00000000a0000000,0x00000000a7dab348,0x00000000ae900000)
 Metaspace       used 147868K, capacity 156854K, committed 157056K, reserved 1185792K
  class space    used 18617K, capacity 20260K, committed 20352K, reserved 1048576K
}
Event: 6928.060 GC heap before
{Heap before GC invocations=36 (full 4):
 PSYoungGen      total 402944K, used 402645K [0x00000000e0000000, 0x00000000ff680000, 0x0000000100000000)
  eden space 352768K, 100% used [0x00000000e0000000,0x00000000f5880000,0x00000000f5880000)
  from space 50176K, 99% used [0x00000000f6500000,0x00000000f95b55a8,0x00000000f9600000)
  to   space 80896K, 0% used [0x00000000fa780000,0x00000000fa780000,0x00000000ff680000)
 ParOldGen       total 238592K, used 128684K [0x00000000a0000000, 0x00000000ae900000, 0x00000000e0000000)
  object space 238592K, 53% used [0x00000000a0000000,0x00000000a7dab348,0x00000000ae900000)
 Metaspace       used 149781K, capacity 160160K, committed 160256K, reserved 1189888K
  class space    used 18882K, capacity 20693K, committed 20736K, reserved 1048576K
Event: 6928.380 GC heap after
Heap after GC invocations=36 (full 4):
 PSYoungGen      total 421376K, used 65269K [0x00000000e0000000, 0x00000000ff780000, 0x0000000100000000)
  eden space 340480K, 0% used [0x00000000e0000000,0x00000000e0000000,0x00000000f4c80000)
  from space 80896K, 80% used [0x00000000fa780000,0x00000000fe73d430,0x00000000ff680000)
  to   space 87552K, 0% used [0x00000000f4c80000,0x00000000f4c80000,0x00000000fa200000)
 ParOldGen       total 238592K, used 128692K [0x00000000a0000000, 0x00000000ae900000, 0x00000000e0000000)
  object space 238592K, 53% used [0x00000000a0000000,0x00000000a7dad348,0x00000000ae900000)
 Metaspace       used 149781K, capacity 160160K, committed 160256K, reserved 1189888K
  class space    used 18882K, capacity 20693K, committed 20736K, reserved 1048576K
}

Deoptimization events (10 events):
Event: 6923.361 Thread 0x000000001e80b000 Uncommon trap: reason=unstable_if action=reinterpret pc=0x00000000142b591c method=org.gradle.internal.change.SummarizingChangeContainer.accept(Lorg/gradle/internal/change/ChangeVisitor;)Z @ 47
Event: 6923.444 Thread 0x000000001e811000 Uncommon trap: reason=bimorphic action=maybe_recompile pc=0x0000000012fc13f8 method=java.util.Collections.indexedBinarySearch(Ljava/util/List;Ljava/lang/Object;)I @ 39
Event: 6923.445 Thread 0x000000001e811000 Uncommon trap: reason=bimorphic action=maybe_recompile pc=0x0000000012fc13f8 method=java.util.Collections.indexedBinarySearch(Ljava/util/List;Ljava/lang/Object;)I @ 39
Event: 6924.004 Thread 0x000000001e80b000 Uncommon trap: reason=unstable_if action=reinterpret pc=0x0000000013cacdf8 method=com.sun.org.apache.xerces.internal.dom.DeferredAttrNSImpl.synchronizeData()V @ 36
Event: 6925.831 Thread 0x000000001e80b000 Uncommon trap: reason=class_check action=maybe_recompile pc=0x0000000013cd91e4 method=com.google.common.collect.TransformedIterator.next()Ljava/lang/Object; @ 5
Event: 6925.836 Thread 0x000000001e80b000 Uncommon trap: reason=class_check action=maybe_recompile pc=0x0000000013cd91e4 method=com.google.common.collect.TransformedIterator.next()Ljava/lang/Object; @ 5
Event: 6925.836 Thread 0x000000001e80b000 Uncommon trap: reason=class_check action=maybe_recompile pc=0x0000000013cd91e4 method=com.google.common.collect.TransformedIterator.next()Ljava/lang/Object; @ 5
Event: 6925.836 Thread 0x000000001e80b000 Uncommon trap: reason=class_check action=maybe_recompile pc=0x0000000013cd91e4 method=com.google.common.collect.TransformedIterator.next()Ljava/lang/Object; @ 5
Event: 6926.033 Thread 0x000000001e80b000 Uncommon trap: reason=array_check action=maybe_recompile pc=0x00000000130c9bc0 method=java.util.TimSort.mergeHi(IIII)V @ 101
Event: 6926.134 Thread 0x000000001e80b000 Uncommon trap: reason=array_check action=maybe_recompile pc=0x000000000f2f8b70 method=java.util.TimSort.mergeLo(IIII)V @ 81

Classes redefined (0 events):
No events

Internal exceptions (10 events):
Event: 6926.149 Thread 0x000000001e80b000 Exception <a 'java/lang/NoSuchMethodError': <clinit>> (0x00000000f1bf3888) thrown at [D:\src\AOSP-openjdk-cygwin\jdk8u\hotspot\src\share\vm\prims\jni.cpp, line 1614]
Event: 6926.165 Thread 0x000000001e80b000 Exception <a 'java/lang/NoSuchMethodError': <clinit>> (0x00000000f1bf6d20) thrown at [D:\src\AOSP-openjdk-cygwin\jdk8u\hotspot\src\share\vm\prims\jni.cpp, line 1614]
Event: 6926.171 Thread 0x000000001e80b000 Exception <a 'java/lang/NoSuchMethodError': <clinit>> (0x00000000f1c0e0d8) thrown at [D:\src\AOSP-openjdk-cygwin\jdk8u\hotspot\src\share\vm\prims\jni.cpp, line 1614]
Event: 6926.172 Thread 0x000000001e80b000 Exception <a 'java/lang/NoSuchMethodError': <clinit>> (0x00000000f1c25c68) thrown at [D:\src\AOSP-openjdk-cygwin\jdk8u\hotspot\src\share\vm\prims\jni.cpp, line 1614]
Event: 6926.186 Thread 0x000000001e80b000 Exception <a 'java/lang/NoSuchMethodError': <clinit>> (0x00000000f1c42e50) thrown at [D:\src\AOSP-openjdk-cygwin\jdk8u\hotspot\src\share\vm\prims\jni.cpp, line 1614]
Event: 6926.198 Thread 0x000000001e80b000 Exception <a 'java/lang/NoSuchMethodError': <clinit>> (0x00000000f1c560f8) thrown at [D:\src\AOSP-openjdk-cygwin\jdk8u\hotspot\src\share\vm\prims\jni.cpp, line 1614]
Event: 6928.383 Thread 0x0000000009441000 Exception <a 'java/net/SocketException': Software caused connection abort: socket write error> (0x00000000e0323cd0) thrown at [D:\src\AOSP-openjdk-cygwin\jdk8u\hotspot\src\share\vm\prims\jni.cpp, line 736]
Event: 6928.393 Thread 0x0000000009441000 Exception <a 'java/net/SocketException': Software caused connection abort: socket write error> (0x00000000e0324c50) thrown at [D:\src\AOSP-openjdk-cygwin\jdk8u\hotspot\src\share\vm\prims\jni.cpp, line 736]
Event: 6928.395 Thread 0x0000000009441000 Exception <a 'java/net/SocketException': Software caused connection abort: socket write error> (0x00000000e0325cc0) thrown at [D:\src\AOSP-openjdk-cygwin\jdk8u\hotspot\src\share\vm\prims\jni.cpp, line 736]
Event: 6928.395 Thread 0x0000000009441000 Exception <a 'java/net/SocketException': Software caused connection abort: socket write error> (0x00000000e0326ba0) thrown at [D:\src\AOSP-openjdk-cygwin\jdk8u\hotspot\src\share\vm\prims\jni.cpp, line 736]

Events (10 events):
Event: 6928.458 Thread 0x0000000009457800 flushing nmethod 0x000000000fbbc2d0
Event: 6928.469 Thread 0x0000000009457800 flushing nmethod 0x0000000010253010
Event: 6928.470 Thread 0x0000000009457800 flushing nmethod 0x00000000103d2e90
Event: 6928.481 Thread 0x000000000946a800 flushing nmethod 0x00000000109acfd0
Event: 6928.482 Thread 0x000000001e80b000 DEOPT PACKING pc=0x0000000013d74b55 sp=0x000000002f9fb2e0
Event: 6928.483 Thread 0x000000001e80b000 DEOPT UNPACKING pc=0x000000000f0575d0 sp=0x000000002f9fb048 mode 0
Event: 6928.483 Thread 0x000000000946a800 flushing nmethod 0x0000000010a4a410
Event: 6928.509 Thread 0x000000000946a800 flushing nmethod 0x0000000012261890
Event: 6928.535 Thread 0x000000000946a800 flushing nmethod 0x0000000013240f90
Event: 6928.536 Thread 0x000000000946a800 flushing nmethod 0x000000001339ef90


Dynamic libraries:
0x00007ff761cc0000 - 0x00007ff761cf1000 	C:\Program Files\Android\Android Studio\jre\bin\java.exe
0x00007fff9ce00000 - 0x00007fff9cfac000 	C:\Windows\SYSTEM32\ntdll.dll
0x00007fff9a610000 - 0x00007fff9a74e000 	C:\Windows\system32\KERNEL32.DLL
0x00007fff9a370000 - 0x00007fff9a485000 	C:\Windows\system32\KERNELBASE.dll
0x00007fff9ae70000 - 0x00007fff9af1a000 	C:\Windows\system32\ADVAPI32.dll
0x00007fff9a490000 - 0x00007fff9a607000 	C:\Windows\system32\USER32.dll
0x00007fff97ff0000 - 0x00007fff9826a000 	C:\Windows\WinSxS\amd64_microsoft.windows.common-controls_6595b64144ccf1df_6.0.9600.17810_none_6240b9c7ecbd0bda\COMCTL32.dll
0x00007fff9a750000 - 0x00007fff9a7fa000 	C:\Windows\system32\msvcrt.dll
0x00007fff9c950000 - 0x00007fff9c9a9000 	C:\Windows\SYSTEM32\sechost.dll
0x00007fff9aac0000 - 0x00007fff9ac01000 	C:\Windows\system32\RPCRT4.dll
0x00007fff9c510000 - 0x00007fff9c65f000 	C:\Windows\system32\GDI32.dll
0x00007fff9a8c0000 - 0x00007fff9a8f6000 	C:\Windows\system32\IMM32.DLL
0x00007fff9acf0000 - 0x00007fff9ae42000 	C:\Windows\system32\MSCTF.dll
0x00007fff99f10000 - 0x00007fff99f41000 	C:\Windows\system32\nvinitx.dll
0x000000000f000000 - 0x000000000f006000 	C:\Program Files\NVIDIA Corporation\CoProcManager\detoured.dll
0x00007fff97a10000 - 0x00007fff97a6f000 	C:\Program Files\NVIDIA Corporation\CoProcManager\nvd3d9wrapx.dll
0x00007fff9cbc0000 - 0x00007fff9cd9a000 	C:\Windows\system32\SETUPAPI.dll
0x00007fff9a210000 - 0x00007fff9a25f000 	C:\Windows\system32\CFGMGR32.dll
0x00007fff97850000 - 0x00007fff97896000 	C:\Program Files\NVIDIA Corporation\CoProcManager\nvdxgiwrapx.dll
0x0000000060350000 - 0x0000000060422000 	C:\Program Files\Android\Android Studio\jre\jre\bin\msvcr100.dll
0x0000000060430000 - 0x0000000060c76000 	C:\Program Files\Android\Android Studio\jre\jre\bin\server\jvm.dll
0x00007fff8eea0000 - 0x00007fff8eea9000 	C:\Windows\SYSTEM32\WSOCK32.dll
0x00007fff97990000 - 0x00007fff979b2000 	C:\Windows\SYSTEM32\WINMM.dll
0x00007fff979c0000 - 0x00007fff979ca000 	C:\Windows\SYSTEM32\VERSION.dll
0x00007fff9ace0000 - 0x00007fff9ace7000 	C:\Windows\system32\PSAPI.DLL
0x00007fff9c9c0000 - 0x00007fff9ca1a000 	C:\Windows\system32\WS2_32.dll
0x00007fff97740000 - 0x00007fff9776a000 	C:\Windows\SYSTEM32\WINMMBASE.dll
0x00007fff9af20000 - 0x00007fff9af29000 	C:\Windows\system32\NSI.dll
0x00007fff98d10000 - 0x00007fff98d38000 	C:\Windows\SYSTEM32\DEVOBJ.dll
0x00007fff97fd0000 - 0x00007fff97fdf000 	C:\Program Files\Android\Android Studio\jre\jre\bin\verify.dll
0x00007fff97c80000 - 0x00007fff97ca9000 	C:\Program Files\Android\Android Studio\jre\jre\bin\java.dll
0x00007fff97af0000 - 0x00007fff97b06000 	C:\Program Files\Android\Android Studio\jre\jre\bin\zip.dll
0x00007fff9af30000 - 0x00007fff9c449000 	C:\Windows\system32\SHELL32.dll
0x00007fff9c660000 - 0x00007fff9c871000 	C:\Windows\SYSTEM32\combase.dll
0x00007fff9cda0000 - 0x00007fff9cdf4000 	C:\Windows\system32\SHLWAPI.dll
0x00007fff98470000 - 0x00007fff98522000 	C:\Windows\SYSTEM32\SHCORE.dll
0x00007fff99f60000 - 0x00007fff99f75000 	C:\Windows\SYSTEM32\profapi.dll
0x00007fff954b0000 - 0x00007fff954ca000 	C:\Program Files\Android\Android Studio\jre\jre\bin\net.dll
0x00007fff99600000 - 0x00007fff99659000 	C:\Windows\system32\mswsock.dll
0x00007fff95490000 - 0x00007fff954a1000 	C:\Program Files\Android\Android Studio\jre\jre\bin\nio.dll
0x00007fff73140000 - 0x00007fff73166000 	C:\Users\AlexV\.gradle\native\29\windows-amd64\native-platform.dll
0x00007fff97dd0000 - 0x00007fff97ddd000 	C:\Program Files\Android\Android Studio\jre\jre\bin\management.dll
0x00007fff99870000 - 0x00007fff99890000 	C:\Windows\SYSTEM32\CRYPTSP.dll
0x00007fff993e0000 - 0x00007fff99416000 	C:\Windows\system32\rsaenh.dll
0x00007fff99a40000 - 0x00007fff99a66000 	C:\Windows\SYSTEM32\bcrypt.dll
0x00007fff99790000 - 0x00007fff997b1000 	C:\Windows\SYSTEM32\USERENV.dll
0x00007fff99d80000 - 0x00007fff99de3000 	C:\Windows\system32\bcryptprimitives.dll
0x00007fff99df0000 - 0x00007fff99dfb000 	C:\Windows\SYSTEM32\CRYPTBASE.dll
0x00007fff940f0000 - 0x00007fff9411a000 	C:\Windows\SYSTEM32\IPHLPAPI.DLL
0x00007fff94050000 - 0x00007fff9405a000 	C:\Windows\SYSTEM32\WINNSI.DLL
0x00007fff93bc0000 - 0x00007fff93bd6000 	C:\Windows\SYSTEM32\dhcpcsvc6.DLL
0x00007fff93d10000 - 0x00007fff93d2a000 	C:\Windows\SYSTEM32\dhcpcsvc.DLL
0x00007fff7d1d0000 - 0x00007fff7d1f4000 	C:\Program Files\Android\Android Studio\jre\jre\bin\sunec.dll
0x00007fff97c70000 - 0x00007fff97c7b000 	C:\Program Files\Android\Android Studio\jre\jre\bin\sunmscapi.dll
0x00007fff9a030000 - 0x00007fff9a20f000 	C:\Windows\system32\CRYPT32.dll
0x00007fff9a010000 - 0x00007fff9a021000 	C:\Windows\system32\MSASN1.dll
0x00007fff99470000 - 0x00007fff99514000 	C:\Windows\SYSTEM32\DNSAPI.dll
0x00007fff87a80000 - 0x00007fff87a8a000 	C:\Windows\System32\rasadhlp.dll
0x00007fff93be0000 - 0x00007fff93c4b000 	C:\Windows\System32\fwpuclnt.dll
0x00007fff6fdf0000 - 0x00007fff6ff8c000 	C:\Program Files\Android\Android Studio\jre\jre\bin\awt.dll
0x00007fff98270000 - 0x00007fff98291000 	C:\Windows\SYSTEM32\dwmapi.dll
0x00007fff9ac10000 - 0x00007fff9acd1000 	C:\Windows\system32\OLEAUT32.dll
0x00007fff75cc0000 - 0x00007fff76141000 	C:\Windows\SYSTEM32\d2d1.dll
0x00007fff98ac0000 - 0x00007fff98b4e000 	C:\Windows\system32\apphelp.dll
0x00007fff98b90000 - 0x00007fff98cb9000 	C:\Windows\system32\uxtheme.dll

VM Arguments:
jvm_args: -Xmx1536m -Dfile.encoding=windows-1251 -Duser.country=RU -Duser.language=ru -Duser.variant 
java_command: org.gradle.launcher.daemon.bootstrap.GradleDaemon 5.4.1
java_class_path (initial): C:\Users\AlexV\.gradle\wrapper\dists\gradle-5.4.1-all\3221gyojl5jsh0helicew7rwx\gradle-5.4.1\lib\gradle-launcher-5.4.1.jar
Launcher Type: SUN_STANDARD

Environment Variables:
JAVA_HOME=C:\Program Files (x86)\Java\jdk1.8.0_181
PATH=C:\Program Files (x86)\Common Files\Oracle\Java\javapath;C:\Program Files\Microsoft MPI\Bin\;C:\Program Files (x86)\Intel\iCLS Client\;C:\Program Files\Intel\iCLS Client\;C:\Program Files (x86)\NVIDIA Corporation\PhysX\Common;C:\Windows\system32;C:\Windows;C:\Windows\System32\Wbem;C:\Windows\System32\WindowsPowerShell\v1.0\;C:\Program Files\Intel\Intel(R) Management Engine Components\DAL;C:\Program Files\Intel\Intel(R) Management Engine Components\IPT;C:\Program Files (x86)\Intel\Intel(R) Management Engine Components\DAL;C:\Program Files (x86)\Intel\Intel(R) Management Engine Components\IPT;C:\Program Files\Intel\WiFi\bin\;C:\Program Files\Common Files\Intel\WirelessCommon\;C:\Program Files\Calibre2\;C:\Program Files (x86)\Skype\Phone\;C:\Program Files\dotnet\;C:\Program Files\Microsoft SQL Server\130\Tools\Binn\;C:\Program Files\Git\cmd;C:\Program Files (x86)\Microsoft SQL Server\140\Tools\Binn\;C:\Program Files\Microsoft SQL Server\Client SDK\ODBC\130\Tools\Binn\;C:\Program Files\Microsoft SQL Server\140\Tools\Binn\;C:\Program Files\Microsoft SQL Server\140\DTS\Binn\;C:\Program Files (x86)\Microsoft SQL Server\Client SDK\ODBC\130\Tools\Binn\;C:\Program Files (x86)\Microsoft SQL Server\140\DTS\Binn\;C:\Program Files (x86)\Microsoft SQL Server\140\Tools\Binn\ManagementStudio\;C:\Program Files\Microsoft SQL Server\Client SDK\ODBC\170\Tools\Binn\;C:\Program Files\Intel\WiFi\bin\;C:\Program Files\Common Files\Intel\WirelessCommon\;C:\Program Files\JetBrains\PyCharm Community Edition 2019.1.3\bin;;C:\Program Files\JetBrains\IntelliJ IDEA Community Edition 2019.2.2\bin;
USERNAME=AlexV
OS=Windows_NT
PROCESSOR_IDENTIFIER=Intel64 Family 6 Model 58 Stepping 9, GenuineIntel



---------------  S Y S T E M  ---------------

OS: Windows 8.1 , 64 bit Build 9600 (6.3.9600.17415)

CPU:total 8 (initial active 8) (4 cores per cpu, 2 threads per core) family 6 model 58 stepping 9, cmov, cx8, fxsr, mmx, sse, sse2, sse3, ssse3, sse4.1, sse4.2, popcnt, avx, aes, clmul, erms, ht, tsc, tscinvbit, tscinv

Memory: 4k page, physical 8271412k(292956k free), swap 12981812k(6612k free)

vm_info: OpenJDK 64-Bit Server VM (25.202-b03) for windows-amd64 JRE (1.8.0_202-release-1483-b03), built by "builder" with MS VC++ 10.0 (VS2010)

time: Fri Dec 06 01:58:01 2019
timezone: Беларусь (зима)
elapsed time: 6928 seconds (0d 1h 55m 28s)

