#
# There is insufficient memory for the Java Runtime Environment to continue.
# Native memory allocation (malloc) failed to allocate 1048112 bytes for Chunk::new
# Possible reasons:
#   The system is out of physical RAM or swap space
#   The process is running with CompressedOops enabled, and the Java Heap may be blocking the growth of the native heap
# Possible solutions:
#   Reduce memory load on the system
#   Increase physical memory or swap space
#   Check if swap backing store is full
#   Decrease Java heap size (-Xmx/-Xms)
#   Decrease number of Java threads
#   Decrease Java thread stack sizes (-Xss)
#   Set larger code cache with -XX:ReservedCodeCacheSize=
#   JVM is running with Unscaled Compressed Oops mode in which the Java heap is
#     placed in the first 4GB address space. The Java Heap base address is the
#     maximum limit for the native heap growth. Please use -XX:HeapBaseMinAddress
#     to set the Java Heap base and to place the Java Heap above 4GB virtual address.
# This output file may be truncated or incomplete.
#
#  Out of Memory Error (allocation.cpp:389), pid=5224, tid=0x000000000000052c
#
# JRE version: OpenJDK Runtime Environment (8.0_202-b03) (build 1.8.0_202-release-1483-b03)
# Java VM: OpenJDK 64-Bit Server VM (25.202-b03 mixed mode windows-amd64 compressed oops)
# Failed to write core dump. Minidumps are not enabled by default on client versions of Windows
#

---------------  T H R E A D  ---------------

Current thread (0x0000000008c1d800):  JavaThread "C2 CompilerThread2" daemon [_thread_in_native, id=1324, stack(0x00000000096d0000,0x00000000097d0000)]

Stack: [0x00000000096d0000,0x00000000097d0000]
[error occurred during error reporting (printing stack bounds), id 0xc0000005]

Native frames: (J=compiled Java code, j=interpreted, Vv=VM code, C=native code)


Current CompileTask:
C2:  26506 14088       4       com.android.tools.r8.code.j0::a (11 bytes)


---------------  P R O C E S S  ---------------

Java Threads: ( => current thread )
  0x000000001e253000 JavaThread "ForkJoinPool-2-worker-0" daemon [_thread_blocked, id=5244, stack(0x00000000289c0000,0x0000000028ac0000)]
  0x000000001e252000 JavaThread "ForkJoinPool-2-worker-7" daemon [_thread_in_Java, id=4308, stack(0x00000000288c0000,0x00000000289c0000)]
  0x000000001e24d800 JavaThread "ForkJoinPool-2-worker-6" daemon [_thread_blocked, id=10796, stack(0x00000000287c0000,0x00000000288c0000)]
  0x000000001e250800 JavaThread "ForkJoinPool-2-worker-5" daemon [_thread_blocked, id=5228, stack(0x00000000286c0000,0x00000000287c0000)]
  0x000000001e250000 JavaThread "ForkJoinPool-2-worker-4" daemon [_thread_blocked, id=9676, stack(0x00000000285c0000,0x00000000286c0000)]
  0x000000001e24f000 JavaThread "ForkJoinPool-2-worker-3" daemon [_thread_blocked, id=7000, stack(0x00000000276c0000,0x00000000277c0000)]
  0x000000001e24e800 JavaThread "ForkJoinPool-2-worker-2" daemon [_thread_blocked, id=9724, stack(0x00000000255c0000,0x00000000256c0000)]
  0x000000001e24a000 JavaThread "ForkJoinPool-2-worker-1" daemon [_thread_blocked, id=9056, stack(0x0000000024f00000,0x0000000025000000)]
  0x000000001e24d000 JavaThread "WorkerExecutor Queue Thread 10" [_thread_blocked, id=6596, stack(0x0000000024e00000,0x0000000024f00000)]
  0x000000001e24a800 JavaThread "ForkJoinPool.commonPool-worker-7" daemon [_thread_blocked, id=10008, stack(0x0000000027cc0000,0x0000000027dc0000)]
  0x000000001e249000 JavaThread "ForkJoinPool.commonPool-worker-6" daemon [_thread_blocked, id=9208, stack(0x0000000027bc0000,0x0000000027cc0000)]
  0x00000000236f3000 JavaThread "ForkJoinPool.commonPool-worker-5" daemon [_thread_blocked, id=4732, stack(0x0000000027ac0000,0x0000000027bc0000)]
  0x00000000236ea000 JavaThread "ForkJoinPool.commonPool-worker-4" daemon [_thread_blocked, id=9904, stack(0x00000000279c0000,0x0000000027ac0000)]
  0x000000001ea11800 JavaThread "ForkJoinPool.commonPool-worker-3" daemon [_thread_blocked, id=10632, stack(0x00000000278c0000,0x00000000279c0000)]
  0x000000001ea14000 JavaThread "ForkJoinPool.commonPool-worker-2" daemon [_thread_blocked, id=8896, stack(0x00000000277c0000,0x00000000278c0000)]
  0x000000001ea10000 JavaThread "WorkerExecutor Queue Thread 9" [_thread_blocked, id=5408, stack(0x00000000275c0000,0x00000000276c0000)]
  0x000000001ea13000 JavaThread "Cache worker for Java compile cache (F:\ANDROID DEVELOPMENT\Task 2 (Register - Login - Reset password)\.gradle\5.4.1\javaCompile)" [_thread_blocked, id=10192, stack(0x0000000026ec0000,0x0000000026fc0000)]
  0x000000001ea12800 JavaThread "Cache worker for Java compile cache (C:\Users\AlexV\.gradle\caches\5.4.1\javaCompile)" [_thread_blocked, id=3708, stack(0x0000000025cc0000,0x0000000025dc0000)]
  0x000000001ea0b000 JavaThread "stdout" [_thread_in_native, id=10736, stack(0x0000000026dc0000,0x0000000026ec0000)]
  0x000000001ea0e000 JavaThread "stderr" [_thread_in_native, id=2304, stack(0x0000000026cc0000,0x0000000026dc0000)]
  0x000000001ea0d000 JavaThread "stdout" [_thread_in_native, id=10404, stack(0x0000000026bc0000,0x0000000026cc0000)]
  0x000000001ea0c800 JavaThread "stderr" [_thread_in_native, id=6716, stack(0x0000000026ac0000,0x0000000026bc0000)]
  0x000000001ea0b800 JavaThread "stdout" [_thread_in_native, id=6036, stack(0x00000000269c0000,0x0000000026ac0000)]
  0x000000001ea0a000 JavaThread "stderr" [_thread_in_native, id=1484, stack(0x00000000268c0000,0x00000000269c0000)]
  0x000000001ea06800 JavaThread "stdout" [_thread_in_native, id=10500, stack(0x00000000267c0000,0x00000000268c0000)]
  0x000000001ea07000 JavaThread "stderr" [_thread_in_native, id=5044, stack(0x00000000266c0000,0x00000000267c0000)]
  0x000000001ea09800 JavaThread "stdout" [_thread_in_native, id=10760, stack(0x00000000265c0000,0x00000000266c0000)]
  0x000000001ea08000 JavaThread "stderr" [_thread_in_native, id=7524, stack(0x00000000264c0000,0x00000000265c0000)]
  0x000000001ea08800 JavaThread "stdout" [_thread_in_native, id=9400, stack(0x00000000263c0000,0x00000000264c0000)]
  0x000000001ea05000 JavaThread "stderr" [_thread_in_native, id=9084, stack(0x00000000262c0000,0x00000000263c0000)]
  0x000000001ea05800 JavaThread "stdout" [_thread_in_native, id=9936, stack(0x00000000261c0000,0x00000000262c0000)]
  0x00000000236f1800 JavaThread "stderr" [_thread_in_native, id=3956, stack(0x00000000260c0000,0x00000000261c0000)]
  0x00000000236f4800 JavaThread "stdout" [_thread_in_native, id=5976, stack(0x0000000025fc0000,0x00000000260c0000)]
  0x00000000236f0800 JavaThread "stderr" [_thread_in_native, id=11040, stack(0x0000000025ec0000,0x0000000025fc0000)]
  0x00000000236f3800 JavaThread "pool-2-thread-1" [_thread_blocked, id=5476, stack(0x0000000025dc0000,0x0000000025ec0000)]
  0x00000000236f0000 JavaThread "MarlinRenderer Disposer" daemon [_thread_blocked, id=3516, stack(0x00000000259c0000,0x0000000025ac0000)]
  0x00000000236ef000 JavaThread "Java2D Disposer" daemon [_thread_blocked, id=10972, stack(0x00000000258c0000,0x00000000259c0000)]
  0x00000000236eb800 JavaThread "WorkerExecutor Queue Thread 7" [_thread_blocked, id=9988, stack(0x00000000256c0000,0x00000000257c0000)]
  0x00000000236ea800 JavaThread "WorkerExecutor Queue Thread 5" [_thread_blocked, id=6840, stack(0x00000000254c0000,0x00000000255c0000)]
  0x00000000236ed000 JavaThread "WorkerExecutor Queue Thread 4" [_thread_blocked, id=1564, stack(0x00000000253c0000,0x00000000254c0000)]
  0x00000000236ed800 JavaThread "WorkerExecutor Queue Thread 3" [_thread_blocked, id=10692, stack(0x0000000024ae0000,0x0000000024be0000)]
  0x00000000236e8800 JavaThread "Cache worker for execution history cache (F:\ANDROID DEVELOPMENT\Task 2 (Register - Login - Reset password)\.gradle\5.4.1\executionHistory)" [_thread_blocked, id=11236, stack(0x0000000024370000,0x0000000024470000)]
  0x00000000236e7800 JavaThread "Execution worker for ':' Thread 7" [_thread_blocked, id=5060, stack(0x00000000249e0000,0x0000000024ae0000)]
  0x00000000236e5800 JavaThread "Execution worker for ':' Thread 6" [_thread_blocked, id=1232, stack(0x00000000248e0000,0x00000000249e0000)]
  0x000000000dc85000 JavaThread "Execution worker for ':' Thread 5" [_thread_blocked, id=7152, stack(0x00000000247e0000,0x00000000248e0000)]
  0x000000000dc84800 JavaThread "Execution worker for ':' Thread 4" [_thread_blocked, id=10764, stack(0x00000000246e0000,0x00000000247e0000)]
  0x000000000dc87800 JavaThread "Execution worker for ':' Thread 3" [_thread_blocked, id=9276, stack(0x00000000245e0000,0x00000000246e0000)]
  0x000000000dc86800 JavaThread "Execution worker for ':' Thread 2" [_thread_blocked, id=9668, stack(0x00000000244e0000,0x00000000245e0000)]
  0x000000000dc86000 JavaThread "Execution worker for ':'" [_thread_blocked, id=6868, stack(0x0000000022c50000,0x0000000022d50000)]
  0x000000000dc81800 JavaThread "Cache worker for file content cache (F:\ANDROID DEVELOPMENT\Task 2 (Register - Login - Reset password)\.gradle\5.4.1\fileContent)" [_thread_blocked, id=10716, stack(0x0000000022950000,0x0000000022a50000)]
  0x000000000dc83800 JavaThread "Cache worker for file content cache (C:\Users\AlexV\.gradle\caches\5.4.1\fileContent)" [_thread_blocked, id=5764, stack(0x0000000022850000,0x0000000022950000)]
  0x000000000dc83000 JavaThread "Memory manager" [_thread_blocked, id=4984, stack(0x0000000022750000,0x0000000022850000)]
  0x000000000dc80000 JavaThread "Cache worker for Build Output Cleanup Cache (F:\ANDROID DEVELOPMENT\Task 2 (Register - Login - Reset password)\.gradle\buildOutputCleanup)" [_thread_blocked, id=8328, stack(0x0000000020df0000,0x0000000020ef0000)]
  0x000000000dc7f000 JavaThread "Build operations Thread 8" [_thread_blocked, id=6172, stack(0x0000000021850000,0x0000000021950000)]
  0x000000000dc7e800 JavaThread "Build operations Thread 7" [_thread_blocked, id=7484, stack(0x0000000021750000,0x0000000021850000)]
  0x000000000dc7a000 JavaThread "Build operations Thread 6" [_thread_blocked, id=8504, stack(0x0000000021650000,0x0000000021750000)]
  0x000000000dc7d000 JavaThread "Build operations Thread 5" [_thread_blocked, id=8424, stack(0x0000000021550000,0x0000000021650000)]
  0x000000000dc7c000 JavaThread "Build operations Thread 4" [_thread_blocked, id=10920, stack(0x0000000021450000,0x0000000021550000)]
  0x000000000dc7a800 JavaThread "Build operations Thread 3" [_thread_blocked, id=6752, stack(0x0000000021110000,0x0000000021210000)]
  0x000000000dc79000 JavaThread "Build operations Thread 2" [_thread_blocked, id=1516, stack(0x0000000021010000,0x0000000021110000)]
  0x000000000dc7b800 JavaThread "Build operations" [_thread_blocked, id=6324, stack(0x0000000020f10000,0x0000000021010000)]
  0x000000000dc78800 JavaThread "Cache worker for execution history cache (C:\Users\AlexV\.gradle\caches\5.4.1\executionHistory)" [_thread_blocked, id=10648, stack(0x0000000020cf0000,0x0000000020df0000)]
  0x000000000ac95000 JavaThread "Cache worker for cache directory md-rule (C:\Users\AlexV\.gradle\caches\5.4.1\md-rule)" [_thread_blocked, id=9612, stack(0x000000001f0e0000,0x000000001f1e0000)]
  0x000000000ac96000 JavaThread "Cache worker for cache directory md-supplier (C:\Users\AlexV\.gradle\caches\5.4.1\md-supplier)" [_thread_blocked, id=6824, stack(0x000000000ee30000,0x000000000ef30000)]
  0x000000000ac90000 JavaThread "Cache worker for file hash cache (F:\ANDROID DEVELOPMENT\Task 2 (Register - Login - Reset password)\.gradle\5.4.1\fileHashes)" [_thread_blocked, id=10260, stack(0x000000001efe0000,0x000000001f0e0000)]
  0x000000000ac93000 JavaThread "Cache worker for journal cache (C:\Users\AlexV\.gradle\caches\journal-1)" [_thread_blocked, id=9968, stack(0x000000000c790000,0x000000000c890000)]
  0x000000000ac92000 JavaThread "File lock request listener" [_thread_in_native, id=11080, stack(0x000000000c690000,0x000000000c790000)]
  0x000000000ab76000 JavaThread "Cache worker for file hash cache (C:\Users\AlexV\.gradle\caches\5.4.1\fileHashes)" [_thread_blocked, id=5048, stack(0x000000000c590000,0x000000000c690000)]
  0x000000000ab4f800 JavaThread "Thread-9" [_thread_blocked, id=7088, stack(0x000000000c490000,0x000000000c590000)]
  0x0000000008f28800 JavaThread "Stdin handler" [_thread_blocked, id=10860, stack(0x000000000c390000,0x000000000c490000)]
  0x0000000008f27000 JavaThread "Asynchronous log dispatcher for DefaultDaemonConnection: socket connection from /127.0.0.1:61068 to /127.0.0.1:61069" [_thread_blocked, id=8152, stack(0x000000000c190000,0x000000000c290000)]
  0x000000000ab3e800 JavaThread "Daemon worker" [_thread_blocked, id=8936, stack(0x000000000c090000,0x000000000c190000)]
  0x0000000009c27800 JavaThread "Cancel handler" [_thread_blocked, id=5488, stack(0x000000000bf90000,0x000000000c090000)]
  0x0000000009cd6800 JavaThread "Handler for socket connection from /127.0.0.1:61068 to /127.0.0.1:61069" [_thread_in_native, id=10668, stack(0x000000000bc90000,0x000000000bd90000)]
  0x0000000009b08000 JavaThread "Daemon" [_thread_blocked, id=10396, stack(0x000000000bb90000,0x000000000bc90000)]
  0x0000000008f71800 JavaThread "Daemon periodic checks" [_thread_blocked, id=5696, stack(0x000000000ba90000,0x000000000bb90000)]
  0x0000000008f70000 JavaThread "Incoming local TCP Connector on port 61068" [_thread_in_native, id=3948, stack(0x000000000b8a0000,0x000000000b9a0000)]
  0x000000000a958000 JavaThread "Daemon health stats" [_thread_blocked, id=4188, stack(0x000000000b2a0000,0x000000000b3a0000)]
  0x0000000008caa800 JavaThread "Service Thread" daemon [_thread_blocked, id=10304, stack(0x00000000098d0000,0x00000000099d0000)]
  0x0000000008c25800 JavaThread "C1 CompilerThread3" daemon [_thread_blocked, id=8580, stack(0x00000000097d0000,0x00000000098d0000)]
=>0x0000000008c1d800 JavaThread "C2 CompilerThread2" daemon [_thread_in_native, id=1324, stack(0x00000000096d0000,0x00000000097d0000)]
  0x0000000008c1a000 JavaThread "C2 CompilerThread1" daemon [_thread_in_native, id=8716, stack(0x00000000095d0000,0x00000000096d0000)]
  0x0000000008c18000 JavaThread "C2 CompilerThread0" daemon [_thread_in_native, id=8560, stack(0x00000000094d0000,0x00000000095d0000)]
  0x0000000008c11000 JavaThread "Attach Listener" daemon [_thread_blocked, id=1960, stack(0x00000000093d0000,0x00000000094d0000)]
  0x0000000008c10000 JavaThread "Signal Dispatcher" daemon [_thread_blocked, id=7968, stack(0x00000000092d0000,0x00000000093d0000)]
  0x0000000008c01000 JavaThread "Finalizer" daemon [_thread_blocked, id=7300, stack(0x00000000090e0000,0x00000000091e0000)]
  0x0000000008c00800 JavaThread "Reference Handler" daemon [_thread_blocked, id=2200, stack(0x0000000008fe0000,0x00000000090e0000)]
  0x000000000200e800 JavaThread "main" [_thread_blocked, id=4824, stack(0x0000000001dd0000,0x0000000001ed0000)]

Other Threads:
  0x0000000006df6800 VMThread [stack: 0x0000000008ae0000,0x0000000008be0000] [id=9272]
  0x0000000008cab800 WatcherThread [stack: 0x00000000099d0000,0x0000000009ad0000] [id=6724]

VM state:not at safepoint (normal execution)

VM Mutex/Monitor currently owned by a thread: None

heap address: 0x00000000a0000000, size: 1536 MB, Compressed Oops mode: 32-bit
Narrow klass base: 0x0000000000000000, Narrow klass shift: 3
Compressed class space size: 1073741824 Address: 0x0000000100000000

Heap:
 PSYoungGen      total 172032K, used 129517K [0x00000000e0000000, 0x00000000ec400000, 0x0000000100000000)
  eden space 147968K, 71% used [0x00000000e0000000,0x00000000e66fc8a8,0x00000000e9080000)
  from space 24064K, 99% used [0x00000000e9080000,0x00000000ea7fec48,0x00000000ea800000)
  to   space 21504K, 0% used [0x00000000ea800000,0x00000000ea800000,0x00000000ebd00000)
 ParOldGen       total 140800K, used 53981K [0x00000000a0000000, 0x00000000a8980000, 0x00000000e0000000)
  object space 140800K, 38% used [0x00000000a0000000,0x00000000a34b7710,0x00000000a8980000)
 Metaspace       used 82543K, capacity 86165K, committed 86424K, reserved 1124352K
  class space    used 10912K, capacity 11608K, committed 11688K, reserved 1048576K

Card table byte_map: [0x00000000023e0000,0x00000000026f0000] byte_map_base: 0x0000000001ee0000

Marking Bits: (ParMarkBitMap*) 0x0000000063d99f30
 Begin Bits: [0x00000000030f0000, 0x00000000048f0000)
 End Bits:   [0x00000000048f0000, 0x00000000060f0000)

Polling page: 0x0000000001ed0000

CodeCache: size=245760Kb used=39260Kb max_used=39260Kb free=206499Kb
 bounds [0x000000000f010000, 0x00000000116d0000, 0x000000001e010000]
 total_blobs=13024 nmethods=12060 adapters=875
 compilation: enabled

Compilation events (10 events):
Event: 26.503 Thread 0x0000000008c25800 14304       1       com.android.tools.r8.code.Sget::getOpcode (3 bytes)
Event: 26.503 Thread 0x0000000008c25800 nmethod 14304 0x00000000107a5f90 code [0x00000000107a60e0, 0x00000000107a61f0]
Event: 26.504 Thread 0x0000000008c25800 14305       2       com.android.tools.r8.code.Format22t::a (22 bytes)
Event: 26.504 Thread 0x0000000008c25800 nmethod 14305 0x00000000107a5ad0 code [0x00000000107a5c40, 0x00000000107a5e68]
Event: 26.504 Thread 0x0000000008c25800 14306       1       com.android.tools.r8.code.Iput::getOpcode (3 bytes)
Event: 26.504 Thread 0x0000000008c25800 nmethod 14306 0x00000000107a5810 code [0x00000000107a5960, 0x00000000107a5a70]
Event: 26.504 Thread 0x0000000008c25800 14307       2       com.android.tools.r8.code.Return::a (10 bytes)
Event: 26.504 Thread 0x0000000008c25800 nmethod 14307 0x00000000107a5450 code [0x00000000107a55c0, 0x00000000107a5768]
Event: 26.505 Thread 0x0000000008c25800 14308       1       com.android.tools.r8.code.IgetBoolean::getOpcode (3 bytes)
Event: 26.505 Thread 0x0000000008c25800 nmethod 14308 0x00000000107a5190 code [0x00000000107a52e0, 0x00000000107a53f0]

GC Heap History (10 events):
Event: 16.117 GC heap before
{Heap before GC invocations=20 (full 3):
 PSYoungGen      total 133120K, used 132738K [0x00000000e0000000, 0x00000000e9700000, 0x0000000100000000)
  eden space 123392K, 100% used [0x00000000e0000000,0x00000000e7880000,0x00000000e7880000)
  from space 9728K, 96% used [0x00000000e8d80000,0x00000000e96a0a38,0x00000000e9700000)
  to   space 13824K, 0% used [0x00000000e7c00000,0x00000000e7c00000,0x00000000e8980000)
 ParOldGen       total 140800K, used 28960K [0x00000000a0000000, 0x00000000a8980000, 0x00000000e0000000)
  object space 140800K, 20% used [0x00000000a0000000,0x00000000a1c481b8,0x00000000a8980000)
 Metaspace       used 64639K, capacity 66967K, committed 67352K, reserved 1107968K
  class space    used 8630K, capacity 9133K, committed 9256K, reserved 1048576K
Event: 16.147 GC heap after
Heap after GC invocations=20 (full 3):
 PSYoungGen      total 140800K, used 13799K [0x00000000e0000000, 0x00000000eac00000, 0x0000000100000000)
  eden space 126976K, 0% used [0x00000000e0000000,0x00000000e0000000,0x00000000e7c00000)
  from space 13824K, 99% used [0x00000000e7c00000,0x00000000e8979e60,0x00000000e8980000)
  to   space 18432K, 0% used [0x00000000e9a00000,0x00000000e9a00000,0x00000000eac00000)
 ParOldGen       total 140800K, used 36363K [0x00000000a0000000, 0x00000000a8980000, 0x00000000e0000000)
  object space 140800K, 25% used [0x00000000a0000000,0x00000000a2382fe0,0x00000000a8980000)
 Metaspace       used 64639K, capacity 66967K, committed 67352K, reserved 1107968K
  class space    used 8630K, capacity 9133K, committed 9256K, reserved 1048576K
}
Event: 21.345 GC heap before
{Heap before GC invocations=21 (full 3):
 PSYoungGen      total 140800K, used 140703K [0x00000000e0000000, 0x00000000eac00000, 0x0000000100000000)
  eden space 126976K, 99% used [0x00000000e0000000,0x00000000e7bedf50,0x00000000e7c00000)
  from space 13824K, 99% used [0x00000000e7c00000,0x00000000e8979e60,0x00000000e8980000)
  to   space 18432K, 0% used [0x00000000e9a00000,0x00000000e9a00000,0x00000000eac00000)
 ParOldGen       total 140800K, used 36363K [0x00000000a0000000, 0x00000000a8980000, 0x00000000e0000000)
  object space 140800K, 25% used [0x00000000a0000000,0x00000000a2382fe0,0x00000000a8980000)
 Metaspace       used 70249K, capacity 72547K, committed 72856K, reserved 1112064K
  class space    used 9307K, capacity 9815K, committed 9896K, reserved 1048576K
Event: 21.360 GC heap after
Heap after GC invocations=21 (full 3):
 PSYoungGen      total 154624K, used 18420K [0x00000000e0000000, 0x00000000eb380000, 0x0000000100000000)
  eden space 136192K, 0% used [0x00000000e0000000,0x00000000e0000000,0x00000000e8500000)
  from space 18432K, 99% used [0x00000000e9a00000,0x00000000eabfd080,0x00000000eac00000)
  to   space 21504K, 0% used [0x00000000e8500000,0x00000000e8500000,0x00000000e9a00000)
 ParOldGen       total 140800K, used 37542K [0x00000000a0000000, 0x00000000a8980000, 0x00000000e0000000)
  object space 140800K, 26% used [0x00000000a0000000,0x00000000a24a9a28,0x00000000a8980000)
 Metaspace       used 70249K, capacity 72547K, committed 72856K, reserved 1112064K
  class space    used 9307K, capacity 9815K, committed 9896K, reserved 1048576K
}
Event: 23.541 GC heap before
{Heap before GC invocations=22 (full 3):
 PSYoungGen      total 154624K, used 154612K [0x00000000e0000000, 0x00000000eb380000, 0x0000000100000000)
  eden space 136192K, 100% used [0x00000000e0000000,0x00000000e8500000,0x00000000e8500000)
  from space 18432K, 99% used [0x00000000e9a00000,0x00000000eabfd080,0x00000000eac00000)
  to   space 21504K, 0% used [0x00000000e8500000,0x00000000e8500000,0x00000000e9a00000)
 ParOldGen       total 140800K, used 37542K [0x00000000a0000000, 0x00000000a8980000, 0x00000000e0000000)
  object space 140800K, 26% used [0x00000000a0000000,0x00000000a24a9a28,0x00000000a8980000)
 Metaspace       used 73127K, capacity 75717K, committed 75928K, reserved 1116160K
  class space    used 9563K, capacity 10114K, committed 10152K, reserved 1048576K
Event: 23.566 GC heap after
Heap after GC invocations=22 (full 3):
 PSYoungGen      total 157696K, used 12402K [0x00000000e0000000, 0x00000000ebd00000, 0x0000000100000000)
  eden space 136192K, 0% used [0x00000000e0000000,0x00000000e0000000,0x00000000e8500000)
  from space 21504K, 57% used [0x00000000e8500000,0x00000000e911caf8,0x00000000e9a00000)
  to   space 21504K, 0% used [0x00000000ea800000,0x00000000ea800000,0x00000000ebd00000)
 ParOldGen       total 140800K, used 49007K [0x00000000a0000000, 0x00000000a8980000, 0x00000000e0000000)
  object space 140800K, 34% used [0x00000000a0000000,0x00000000a2fdbc48,0x00000000a8980000)
 Metaspace       used 73127K, capacity 75717K, committed 75928K, reserved 1116160K
  class space    used 9563K, capacity 10114K, committed 10152K, reserved 1048576K
}
Event: 24.800 GC heap before
{Heap before GC invocations=23 (full 3):
 PSYoungGen      total 157696K, used 148463K [0x00000000e0000000, 0x00000000ebd00000, 0x0000000100000000)
  eden space 136192K, 99% used [0x00000000e0000000,0x00000000e84df4e0,0x00000000e8500000)
  from space 21504K, 57% used [0x00000000e8500000,0x00000000e911caf8,0x00000000e9a00000)
  to   space 21504K, 0% used [0x00000000ea800000,0x00000000ea800000,0x00000000ebd00000)
 ParOldGen       total 140800K, used 49007K [0x00000000a0000000, 0x00000000a8980000, 0x00000000e0000000)
  object space 140800K, 34% used [0x00000000a0000000,0x00000000a2fdbc48,0x00000000a8980000)
 Metaspace       used 80643K, capacity 84245K, committed 84376K, reserved 1122304K
  class space    used 10683K, capacity 11372K, committed 11432K, reserved 1048576K
Event: 24.830 GC heap after
Heap after GC invocations=23 (full 3):
 PSYoungGen      total 169472K, used 20034K [0x00000000e0000000, 0x00000000ec400000, 0x0000000100000000)
  eden space 147968K, 0% used [0x00000000e0000000,0x00000000e0000000,0x00000000e9080000)
  from space 21504K, 93% used [0x00000000ea800000,0x00000000ebb908b8,0x00000000ebd00000)
  to   space 24064K, 0% used [0x00000000e9080000,0x00000000e9080000,0x00000000ea800000)
 ParOldGen       total 140800K, used 49023K [0x00000000a0000000, 0x00000000a8980000, 0x00000000e0000000)
  object space 140800K, 34% used [0x00000000a0000000,0x00000000a2fdfc48,0x00000000a8980000)
 Metaspace       used 80643K, capacity 84245K, committed 84376K, reserved 1122304K
  class space    used 10683K, capacity 11372K, committed 11432K, reserved 1048576K
}
Event: 25.815 GC heap before
{Heap before GC invocations=24 (full 3):
 PSYoungGen      total 169472K, used 168002K [0x00000000e0000000, 0x00000000ec400000, 0x0000000100000000)
  eden space 147968K, 100% used [0x00000000e0000000,0x00000000e9080000,0x00000000e9080000)
  from space 21504K, 93% used [0x00000000ea800000,0x00000000ebb908b8,0x00000000ebd00000)
  to   space 24064K, 0% used [0x00000000e9080000,0x00000000e9080000,0x00000000ea800000)
 ParOldGen       total 140800K, used 49023K [0x00000000a0000000, 0x00000000a8980000, 0x00000000e0000000)
  object space 140800K, 34% used [0x00000000a0000000,0x00000000a2fdfc48,0x00000000a8980000)
 Metaspace       used 82234K, capacity 85927K, committed 86168K, reserved 1124352K
  class space    used 10895K, capacity 11605K, committed 11688K, reserved 1048576K
Event: 25.847 GC heap after
Heap after GC invocations=24 (full 3):
 PSYoungGen      total 172032K, used 24059K [0x00000000e0000000, 0x00000000ec400000, 0x0000000100000000)
  eden space 147968K, 0% used [0x00000000e0000000,0x00000000e0000000,0x00000000e9080000)
  from space 24064K, 99% used [0x00000000e9080000,0x00000000ea7fec48,0x00000000ea800000)
  to   space 21504K, 0% used [0x00000000ea800000,0x00000000ea800000,0x00000000ebd00000)
 ParOldGen       total 140800K, used 53981K [0x00000000a0000000, 0x00000000a8980000, 0x00000000e0000000)
  object space 140800K, 38% used [0x00000000a0000000,0x00000000a34b7710,0x00000000a8980000)
 Metaspace       used 82234K, capacity 85927K, committed 86168K, reserved 1124352K
  class space    used 10895K, capacity 11605K, committed 11688K, reserved 1048576K
}

Deoptimization events (10 events):
Event: 26.283 Thread 0x000000001ea10000 Uncommon trap: reason=class_check action=maybe_recompile pc=0x000000001031ec28 method=java.util.Spliterators$ArraySpliterator.forEachRemaining(Ljava/util/function/Consumer;)V @ 53
Event: 26.284 Thread 0x000000001ea10000 Uncommon trap: reason=unstable_if action=reinterpret pc=0x000000001031ec88 method=java.util.Spliterators$ArraySpliterator.forEachRemaining(Ljava/util/function/Consumer;)V @ 46
Event: 26.310 Thread 0x000000001e252000 Uncommon trap: reason=unstable_if action=reinterpret pc=0x000000001153ea90 method=com.android.tools.r8.dex.e.a(Lcom/android/tools/r8/graph/DexAnnotationSet;)Z @ 10
Event: 26.310 Thread 0x000000001e252000 Uncommon trap: reason=unstable_if action=reinterpret pc=0x000000001097f80c method=com.android.tools.r8.dex.e.a(Lcom/android/tools/r8/graph/DexAnnotationSet;)Z @ 10
Event: 26.321 Thread 0x000000001e252000 Uncommon trap: reason=unstable_if action=reinterpret pc=0x000000000f2cb428 method=java.util.Arrays.equals([Ljava/lang/Object;[Ljava/lang/Object;)Z @ 47
Event: 26.339 Thread 0x000000001e252000 Uncommon trap: reason=null_check action=make_not_entrant pc=0x000000000f1b97cc method=com.android.tools.r8.graph.DexString.b(Ljava/lang/Object;)Z @ 1
Event: 26.409 Thread 0x000000000dc87800 Uncommon trap: reason=unstable_if action=reinterpret pc=0x0000000010248b5c method=com.google.common.collect.MapMakerInternalMap$Segment.getEntry(Ljava/lang/Object;I)Lcom/google/common/collect/MapMakerInternalMap$InternalEntry; @ 40
Event: 26.448 Thread 0x000000001e252000 Uncommon trap: reason=unstable_if action=reinterpret pc=0x000000001159e21c method=java.util.TimSort.mergeHi(IIII)V @ 503
Event: 26.455 Thread 0x000000001e252000 Uncommon trap: reason=unstable_if action=reinterpret pc=0x000000001159c62c method=java.util.TimSort.mergeLo(IIII)V @ 513
Event: 26.466 Thread 0x000000001e252000 Uncommon trap: reason=unstable_if action=reinterpret pc=0x000000001141c9e0 method=com.android.tools.r8.dex.DexOutputBuffer.j(I)V @ 8

Classes redefined (0 events):
No events

Internal exceptions (10 events):
Event: 25.240 Thread 0x00000000236eb800 Exception <a 'sun/nio/fs/WindowsException'> (0x00000000e518b4e8) thrown at [D:\src\AOSP-openjdk-cygwin\jdk8u\hotspot\src\share\vm\prims\jni.cpp, line 710]
Event: 25.243 Thread 0x00000000236eb800 Exception <a 'sun/nio/fs/WindowsException'> (0x00000000e52e77c0) thrown at [D:\src\AOSP-openjdk-cygwin\jdk8u\hotspot\src\share\vm\prims\jni.cpp, line 710]
Event: 25.244 Thread 0x00000000236eb800 Exception <a 'sun/nio/fs/WindowsException'> (0x00000000e52ee030) thrown at [D:\src\AOSP-openjdk-cygwin\jdk8u\hotspot\src\share\vm\prims\jni.cpp, line 710]
Event: 25.412 Thread 0x000000000dc85000 Exception <a 'java/lang/NoSuchMethodError': <clinit>> (0x00000000e5c77878) thrown at [D:\src\AOSP-openjdk-cygwin\jdk8u\hotspot\src\share\vm\prims\jni.cpp, line 1614]
Event: 25.500 Thread 0x00000000236ed000 Exception <a 'sun/nio/fs/WindowsException'> (0x00000000e64468f8) thrown at [D:\src\AOSP-openjdk-cygwin\jdk8u\hotspot\src\share\vm\prims\jni.cpp, line 710]
Event: 25.688 Thread 0x000000001e24a000 Implicit null exception at 0x000000001075562f to 0x000000001075571d
Event: 25.688 Thread 0x000000001e250800 Implicit null exception at 0x000000001075562f to 0x000000001075571d
Event: 25.688 Thread 0x000000001e253000 Implicit null exception at 0x000000001075562f to 0x000000001075571d
Event: 26.339 Thread 0x000000001e252000 Implicit null exception at 0x000000000f1b964f to 0x000000000f1b97bd
Event: 26.409 Thread 0x000000000dc87800 Implicit null exception at 0x0000000010248845 to 0x0000000010248b3d

Events (10 events):
Event: 26.466 Thread 0x000000001e252000 DEOPT PACKING pc=0x000000001141c9e0 sp=0x00000000289be890
Event: 26.466 Thread 0x000000001e252000 DEOPT UNPACKING pc=0x000000000f05557b sp=0x00000000289be810 mode 2
Event: 26.468 loading class com/android/build/gradle/internal/tasks/StripDebugSymbolsDelegate
Event: 26.468 loading class com/android/build/gradle/internal/tasks/StripDebugSymbolsDelegate done
Event: 26.469 loading class kotlin/jvm/internal/PropertyReference0
Event: 26.469 loading class kotlin/jvm/internal/PropertyReference0 done
Event: 26.469 loading class kotlin/jvm/internal/PropertyReference0Impl
Event: 26.469 loading class kotlin/jvm/internal/PropertyReference0Impl done
Event: 26.470 loading class com/android/build/gradle/internal/tasks/StripDebugSymbolsDelegate$run$stripToolFinder$2
Event: 26.470 loading class com/android/build/gradle/internal/tasks/StripDebugSymbolsDelegate$run$stripToolFinder$2 done


Dynamic libraries:
0x00007ff74f210000 - 0x00007ff74f241000 	C:\Program Files\Android\Android Studio\jre\bin\java.exe
0x00007ffb3b0e0000 - 0x00007ffb3b28c000 	C:\Windows\SYSTEM32\ntdll.dll
0x00007ffb3aaf0000 - 0x00007ffb3ac2e000 	C:\Windows\system32\KERNEL32.DLL
0x00007ffb38650000 - 0x00007ffb38765000 	C:\Windows\system32\KERNELBASE.dll
0x00007ffb38bb0000 - 0x00007ffb38c5a000 	C:\Windows\system32\ADVAPI32.dll
0x00007ffb3ad00000 - 0x00007ffb3ae77000 	C:\Windows\system32\USER32.dll
0x00007ffb362c0000 - 0x00007ffb3653a000 	C:\Windows\WinSxS\amd64_microsoft.windows.common-controls_6595b64144ccf1df_6.0.9600.17810_none_6240b9c7ecbd0bda\COMCTL32.dll
0x00007ffb3b030000 - 0x00007ffb3b0da000 	C:\Windows\system32\msvcrt.dll
0x00007ffb38ae0000 - 0x00007ffb38b39000 	C:\Windows\SYSTEM32\sechost.dll
0x00007ffb38770000 - 0x00007ffb388b1000 	C:\Windows\system32\RPCRT4.dll
0x00007ffb38c80000 - 0x00007ffb38dcf000 	C:\Windows\system32\GDI32.dll
0x00007ffb3aaa0000 - 0x00007ffb3aad6000 	C:\Windows\system32\IMM32.DLL
0x00007ffb38980000 - 0x00007ffb38ad2000 	C:\Windows\system32\MSCTF.dll
0x00007ffb38200000 - 0x00007ffb38231000 	C:\Windows\system32\nvinitx.dll
0x000000000f000000 - 0x000000000f006000 	C:\Program Files\NVIDIA Corporation\CoProcManager\detoured.dll
0x00007ffb36170000 - 0x00007ffb361cf000 	C:\Program Files\NVIDIA Corporation\CoProcManager\nvd3d9wrapx.dll
0x00007ffb3a590000 - 0x00007ffb3a76a000 	C:\Windows\system32\SETUPAPI.dll
0x00007ffb38420000 - 0x00007ffb3846f000 	C:\Windows\system32\CFGMGR32.dll
0x00007ffb35db0000 - 0x00007ffb35df6000 	C:\Program Files\NVIDIA Corporation\CoProcManager\nvdxgiwrapx.dll
0x00000000634f0000 - 0x00000000635c2000 	C:\Program Files\Android\Android Studio\jre\jre\bin\msvcr100.dll
0x00000000635d0000 - 0x0000000063e16000 	C:\Program Files\Android\Android Studio\jre\jre\bin\server\jvm.dll
0x00007ffb2cb80000 - 0x00007ffb2cb89000 	C:\Windows\SYSTEM32\WSOCK32.dll
0x00007ffb35c10000 - 0x00007ffb35c32000 	C:\Windows\SYSTEM32\WINMM.dll
0x00007ffb36570000 - 0x00007ffb3657a000 	C:\Windows\SYSTEM32\VERSION.dll
0x00007ffb3a300000 - 0x00007ffb3a307000 	C:\Windows\system32\PSAPI.DLL
0x00007ffb3a830000 - 0x00007ffb3a88a000 	C:\Windows\system32\WS2_32.dll
0x00007ffb35bd0000 - 0x00007ffb35bfa000 	C:\Windows\SYSTEM32\WINMMBASE.dll
0x00007ffb3a2f0000 - 0x00007ffb3a2f9000 	C:\Windows\system32\NSI.dll
0x00007ffb36ff0000 - 0x00007ffb37018000 	C:\Windows\SYSTEM32\DEVOBJ.dll
0x00007ffb35e90000 - 0x00007ffb35e9f000 	C:\Program Files\Android\Android Studio\jre\jre\bin\verify.dll
0x00007ffb1a6c0000 - 0x00007ffb1a6e9000 	C:\Program Files\Android\Android Studio\jre\jre\bin\java.dll
0x00007ffb32910000 - 0x00007ffb32926000 	C:\Program Files\Android\Android Studio\jre\jre\bin\zip.dll
0x00007ffb38dd0000 - 0x00007ffb3a2e9000 	C:\Windows\system32\SHELL32.dll
0x00007ffb3a310000 - 0x00007ffb3a521000 	C:\Windows\SYSTEM32\combase.dll
0x00007ffb3a890000 - 0x00007ffb3a8e4000 	C:\Windows\system32\SHLWAPI.dll
0x00007ffb367b0000 - 0x00007ffb36862000 	C:\Windows\SYSTEM32\SHCORE.dll
0x00007ffb38240000 - 0x00007ffb38255000 	C:\Windows\SYSTEM32\profapi.dll
0x00007ffb32610000 - 0x00007ffb3262a000 	C:\Program Files\Android\Android Studio\jre\jre\bin\net.dll
0x00007ffb37a00000 - 0x00007ffb37a59000 	C:\Windows\system32\mswsock.dll
0x00007ffb15120000 - 0x00007ffb15131000 	C:\Program Files\Android\Android Studio\jre\jre\bin\nio.dll
0x00007ffb06090000 - 0x00007ffb060b6000 	C:\Users\AlexV\.gradle\native\29\windows-amd64\native-platform.dll
0x00007ffb354a0000 - 0x00007ffb354ad000 	C:\Program Files\Android\Android Studio\jre\jre\bin\management.dll
0x00007ffb37ac0000 - 0x00007ffb37ae0000 	C:\Windows\SYSTEM32\CRYPTSP.dll
0x00007ffb377d0000 - 0x00007ffb37806000 	C:\Windows\system32\rsaenh.dll
0x00007ffb37d20000 - 0x00007ffb37d46000 	C:\Windows\SYSTEM32\bcrypt.dll
0x00007ffb37880000 - 0x00007ffb378a1000 	C:\Windows\SYSTEM32\USERENV.dll
0x00007ffb38060000 - 0x00007ffb380c3000 	C:\Windows\system32\bcryptprimitives.dll
0x00007ffb380d0000 - 0x00007ffb380db000 	C:\Windows\SYSTEM32\CRYPTBASE.dll
0x00007ffb32350000 - 0x00007ffb3237a000 	C:\Windows\SYSTEM32\IPHLPAPI.DLL
0x00007ffb32330000 - 0x00007ffb3233a000 	C:\Windows\SYSTEM32\WINNSI.DLL
0x00007ffb31ce0000 - 0x00007ffb31cf6000 	C:\Windows\SYSTEM32\dhcpcsvc6.DLL
0x00007ffb31d70000 - 0x00007ffb31d8a000 	C:\Windows\SYSTEM32\dhcpcsvc.DLL
0x00007ffb086b0000 - 0x00007ffb0884c000 	C:\Program Files\Android\Android Studio\jre\jre\bin\awt.dll
0x00007ffb36540000 - 0x00007ffb36561000 	C:\Windows\SYSTEM32\dwmapi.dll
0x00007ffb3ac30000 - 0x00007ffb3acf1000 	C:\Windows\system32\OLEAUT32.dll
0x00007ffb160e0000 - 0x00007ffb16561000 	C:\Windows\SYSTEM32\d2d1.dll
0x00007ffb36da0000 - 0x00007ffb36e2e000 	C:\Windows\system32\apphelp.dll
0x00007ffb36e70000 - 0x00007ffb36f99000 	C:\Windows\system32\uxtheme.dll

VM Arguments:
jvm_args: -Xmx1536m -Dfile.encoding=windows-1251 -Duser.country=RU -Duser.language=ru -Duser.variant 
java_command: org.gradle.launcher.daemon.bootstrap.GradleDaemon 5.4.1
java_class_path (initial): C:\Users\AlexV\.gradle\wrapper\dists\gradle-5.4.1-all\3221gyojl5jsh0helicew7rwx\gradle-5.4.1\lib\gradle-launcher-5.4.1.jar
Launcher Type: SUN_STANDARD

Environment Variables:
JAVA_HOME=C:\Program Files (x86)\Java\jdk1.8.0_181
PATH=C:\Program Files (x86)\Common Files\Oracle\Java\javapath;C:\Program Files\Microsoft MPI\Bin\;C:\Program Files (x86)\Intel\iCLS Client\;C:\Program Files\Intel\iCLS Client\;C:\Program Files (x86)\NVIDIA Corporation\PhysX\Common;C:\Windows\system32;C:\Windows;C:\Windows\System32\Wbem;C:\Windows\System32\WindowsPowerShell\v1.0\;C:\Program Files\Intel\Intel(R) Management Engine Components\DAL;C:\Program Files\Intel\Intel(R) Management Engine Components\IPT;C:\Program Files (x86)\Intel\Intel(R) Management Engine Components\DAL;C:\Program Files (x86)\Intel\Intel(R) Management Engine Components\IPT;C:\Program Files\Intel\WiFi\bin\;C:\Program Files\Common Files\Intel\WirelessCommon\;C:\Program Files\Calibre2\;C:\Program Files (x86)\Skype\Phone\;C:\Program Files\dotnet\;C:\Program Files\Microsoft SQL Server\130\Tools\Binn\;C:\Program Files\Git\cmd;C:\Program Files (x86)\Microsoft SQL Server\140\Tools\Binn\;C:\Program Files\Microsoft SQL Server\Client SDK\ODBC\130\Tools\Binn\;C:\Program Files\Microsoft SQL Server\140\Tools\Binn\;C:\Program Files\Microsoft SQL Server\140\DTS\Binn\;C:\Program Files (x86)\Microsoft SQL Server\Client SDK\ODBC\130\Tools\Binn\;C:\Program Files (x86)\Microsoft SQL Server\140\DTS\Binn\;C:\Program Files (x86)\Microsoft SQL Server\140\Tools\Binn\ManagementStudio\;C:\Program Files\Microsoft SQL Server\Client SDK\ODBC\170\Tools\Binn\;C:\Program Files\Intel\WiFi\bin\;C:\Program Files\Common Files\Intel\WirelessCommon\;C:\Program Files\JetBrains\PyCharm Community Edition 2019.1.3\bin;;C:\Program Files\JetBrains\IntelliJ IDEA Community Edition 2019.2.2\bin;
USERNAME=AlexV
OS=Windows_NT
PROCESSOR_IDENTIFIER=Intel64 Family 6 Model 58 Stepping 9, GenuineIntel



---------------  S Y S T E M  ---------------

OS: Windows 8.1 , 64 bit Build 9600 (6.3.9600.17415)

CPU:total 8 (initial active 8) (4 cores per cpu, 2 threads per core) family 6 model 58 stepping 9, cmov, cx8, fxsr, mmx, sse, sse2, sse3, ssse3, sse4.1, sse4.2, popcnt, avx, aes, clmul, erms, ht, tsc, tscinvbit, tscinv

Memory: 4k page, physical 8271412k(889588k free), swap 12981812k(5984k free)

vm_info: OpenJDK 64-Bit Server VM (25.202-b03) for windows-amd64 JRE (1.8.0_202-release-1483-b03), built by "builder" with MS VC++ 10.0 (VS2010)

time: Sun Dec 29 21:03:05 2019
timezone: Беларусь (зима)
elapsed time: 26 seconds (0d 0h 0m 26s)

