#
# There is insufficient memory for the Java Runtime Environment to continue.
# Native memory allocation (malloc) failed to allocate 1629616 bytes for Chunk::new
# Possible reasons:
#   The system is out of physical RAM or swap space
#   The process is running with CompressedOops enabled, and the Java Heap may be blocking the growth of the native heap
# Possible solutions:
#   Reduce memory load on the system
#   Increase physical memory or swap space
#   Check if swap backing store is full
#   Decrease Java heap size (-Xmx/-Xms)
#   Decrease number of Java threads
#   Decrease Java thread stack sizes (-Xss)
#   Set larger code cache with -XX:ReservedCodeCacheSize=
#   JVM is running with Unscaled Compressed Oops mode in which the Java heap is
#     placed in the first 4GB address space. The Java Heap base address is the
#     maximum limit for the native heap growth. Please use -XX:HeapBaseMinAddress
#     to set the Java Heap base and to place the Java Heap above 4GB virtual address.
# This output file may be truncated or incomplete.
#
#  Out of Memory Error (allocation.cpp:389), pid=11020, tid=0x00000000000020dc
#
# JRE version: OpenJDK Runtime Environment (8.0_202-b03) (build 1.8.0_202-release-1483-b03)
# Java VM: OpenJDK 64-Bit Server VM (25.202-b03 mixed mode windows-amd64 compressed oops)
# Failed to write core dump. Minidumps are not enabled by default on client versions of Windows
#

---------------  T H R E A D  ---------------

Current thread (0x0000000009584800):  JavaThread "C2 CompilerThread0" daemon [_thread_in_native, id=8412, stack(0x0000000009e30000,0x0000000009f30000)]

Stack: [0x0000000009e30000,0x0000000009f30000]
[error occurred during error reporting (printing stack bounds), id 0xc0000005]

Native frames: (J=compiled Java code, j=interpreted, Vv=VM code, C=native code)


Current CompileTask:
C2:5678763 25882   !   4       com.android.ide.common.resources.ResourceSet::createFileAndItemsFromXml (576 bytes)


---------------  P R O C E S S  ---------------

Java Threads: ( => current thread )
  0x000000000e02c000 JavaThread "stdout" [_thread_in_native, id=776, stack(0x0000000029110000,0x0000000029210000)]
  0x000000000e02c800 JavaThread "stderr" [_thread_in_native, id=5756, stack(0x0000000029010000,0x0000000029110000)]
  0x000000000b1f5800 JavaThread "pool-58-thread-1" [_thread_blocked, id=11080, stack(0x0000000028f10000,0x0000000029010000)]
  0x000000000b1f1800 JavaThread "WorkerExecutor Queue Thread 2" [_thread_blocked, id=8032, stack(0x0000000028770000,0x0000000028870000)]
  0x000000000b1f4800 JavaThread "WorkerExecutor Queue" [_thread_in_native, id=8972, stack(0x0000000028670000,0x0000000028770000)]
  0x000000000b1f0000 JavaThread "Cache worker for execution history cache (F:\ANDROID DEVELOPMENT\Task 2 (Register - Login - Reset password)\.gradle\5.4.1\executionHistory)" [_thread_blocked, id=7140, stack(0x0000000027c40000,0x0000000027d40000)]
  0x000000000b1f2800 JavaThread "Execution worker for ':' Thread 7" [_thread_in_native, id=10952, stack(0x0000000027740000,0x0000000027840000)]
  0x000000000b1f3000 JavaThread "Execution worker for ':' Thread 6" [_thread_in_native, id=7088, stack(0x0000000027640000,0x0000000027740000)]
  0x000000000b1f1000 JavaThread "Execution worker for ':' Thread 5" [_thread_in_native, id=9968, stack(0x0000000027540000,0x0000000027640000)]
  0x000000000b1ec800 JavaThread "Execution worker for ':' Thread 4" [_thread_blocked, id=7660, stack(0x0000000027440000,0x0000000027540000)]
  0x000000000b1ef800 JavaThread "Execution worker for ':' Thread 3" [_thread_blocked, id=6808, stack(0x0000000027340000,0x0000000027440000)]
  0x000000000b1ee800 JavaThread "Execution worker for ':' Thread 2" [_thread_in_native, id=2168, stack(0x0000000026d40000,0x0000000026e40000)]
  0x000000000b1eb800 JavaThread "Execution worker for ':'" [_thread_in_native, id=8936, stack(0x0000000026c40000,0x0000000026d40000)]
  0x000000000b1ee000 JavaThread "Cache worker for file content cache (F:\ANDROID DEVELOPMENT\Task 2 (Register - Login - Reset password)\.gradle\5.4.1\fileContent)" [_thread_blocked, id=10820, stack(0x0000000026940000,0x0000000026a40000)]
  0x000000000b1ea000 JavaThread "Cache worker for Build Output Cleanup Cache (F:\ANDROID DEVELOPMENT\Task 2 (Register - Login - Reset password)\.gradle\buildOutputCleanup)" [_thread_blocked, id=2600, stack(0x0000000025050000,0x0000000025150000)]
  0x000000000b1eb000 JavaThread "Build operations Thread 8" [_thread_blocked, id=5776, stack(0x0000000024ca0000,0x0000000024da0000)]
  0x000000000b1ed000 JavaThread "Build operations Thread 7" [_thread_blocked, id=5136, stack(0x0000000024ba0000,0x0000000024ca0000)]
  0x000000000b1e8000 JavaThread "Build operations Thread 6" [_thread_blocked, id=7084, stack(0x0000000024430000,0x0000000024530000)]
  0x000000000b1e6800 JavaThread "Build operations Thread 5" [_thread_blocked, id=8076, stack(0x0000000023040000,0x0000000023140000)]
  0x0000000020cc7000 JavaThread "Build operations Thread 4" [_thread_blocked, id=5488, stack(0x0000000022f40000,0x0000000023040000)]
  0x0000000020cc6000 JavaThread "Build operations Thread 3" [_thread_blocked, id=8792, stack(0x0000000022e40000,0x0000000022f40000)]
  0x0000000020cc4800 JavaThread "Build operations Thread 2" [_thread_blocked, id=10668, stack(0x0000000022d40000,0x0000000022e40000)]
  0x0000000020cc7800 JavaThread "Build operations" [_thread_blocked, id=10368, stack(0x0000000022c40000,0x0000000022d40000)]
  0x0000000020cc1000 JavaThread "Cache worker for cache directory md-rule (C:\Users\AlexV\.gradle\caches\5.4.1\md-rule)" [_thread_blocked, id=5048, stack(0x0000000022b40000,0x0000000022c40000)]
  0x0000000020cc0000 JavaThread "Cache worker for cache directory md-supplier (C:\Users\AlexV\.gradle\caches\5.4.1\md-supplier)" [_thread_blocked, id=8152, stack(0x0000000022a40000,0x0000000022b40000)]
  0x0000000020cc3000 JavaThread "Cache worker for file hash cache (F:\ANDROID DEVELOPMENT\Task 2 (Register - Login - Reset password)\.gradle\5.4.1\fileHashes)" [_thread_blocked, id=4492, stack(0x0000000022940000,0x0000000022a40000)]
  0x0000000020cc1800 JavaThread "Thread-969" [_thread_blocked, id=7616, stack(0x0000000022430000,0x0000000022530000)]
  0x0000000020cbf800 JavaThread "Stdin handler" [_thread_blocked, id=8772, stack(0x000000001ffb0000,0x00000000200b0000)]
  0x0000000020cbe800 JavaThread "Asynchronous log dispatcher for DefaultDaemonConnection: socket connection from /127.0.0.1:56145 to /127.0.0.1:60962" [_thread_blocked, id=10860, stack(0x000000000eee0000,0x000000000efe0000)]
  0x0000000020cbd000 JavaThread "Daemon worker Thread 19" [_thread_in_native, id=8884, stack(0x000000000e5a0000,0x000000000e6a0000)]
  0x0000000020cbe000 JavaThread "Cancel handler" [_thread_blocked, id=5696, stack(0x000000000c8d0000,0x000000000c9d0000)]
  0x0000000020cba000 JavaThread "Handler for socket connection from /127.0.0.1:56145 to /127.0.0.1:60962" [_thread_in_native, id=10052, stack(0x000000000c5d0000,0x000000000c6d0000)]
  0x0000000020cbc800 JavaThread "Daemon Thread 19" [_thread_blocked, id=3428, stack(0x000000000c4d0000,0x000000000c5d0000)]
  0x000000000b1e7000 JavaThread "Cache worker for Java compile cache (C:\Users\AlexV\.gradle\caches\5.4.1\javaCompile)" [_thread_blocked, id=8072, stack(0x0000000027240000,0x0000000027340000)]
  0x0000000020cbb800 JavaThread "Cache worker for file content cache (C:\Users\AlexV\.gradle\caches\5.4.1\fileContent)" [_thread_blocked, id=9892, stack(0x0000000024330000,0x0000000024430000)]
  0x0000000020cb9800 JavaThread "Memory manager" [_thread_blocked, id=9512, stack(0x0000000023760000,0x0000000023860000)]
  0x000000000d55a800 JavaThread "Cache worker for execution history cache (C:\Users\AlexV\.gradle\caches\5.4.1\executionHistory)" [_thread_blocked, id=1216, stack(0x0000000022330000,0x0000000022430000)]
  0x000000000a4ef000 JavaThread "Cache worker for journal cache (C:\Users\AlexV\.gradle\caches\journal-1)" [_thread_blocked, id=3616, stack(0x000000000d0d0000,0x000000000d1d0000)]
  0x000000000a4f0800 JavaThread "File lock request listener" [_thread_in_native, id=6952, stack(0x000000000cfd0000,0x000000000d0d0000)]
  0x000000000a4ee800 JavaThread "Cache worker for file hash cache (C:\Users\AlexV\.gradle\caches\5.4.1\fileHashes)" [_thread_blocked, id=2428, stack(0x000000000ced0000,0x000000000cfd0000)]
  0x000000000aa9e800 JavaThread "Daemon periodic checks" [_thread_blocked, id=4188, stack(0x000000000c3d0000,0x000000000c4d0000)]
  0x000000000969f000 JavaThread "Incoming local TCP Connector on port 56145" [_thread_in_native, id=10260, stack(0x000000000c1e0000,0x000000000c2e0000)]
  0x000000000b9fb800 JavaThread "Daemon health stats" [_thread_blocked, id=7628, stack(0x000000000bc00000,0x000000000bd00000)]
  0x000000000961f000 JavaThread "Service Thread" daemon [_thread_blocked, id=1056, stack(0x000000000a230000,0x000000000a330000)]
  0x000000000958e000 JavaThread "C1 CompilerThread3" daemon [_thread_blocked, id=10980, stack(0x000000000a130000,0x000000000a230000)]
  0x000000000958a000 JavaThread "C2 CompilerThread2" daemon [_thread_blocked, id=576, stack(0x000000000a030000,0x000000000a130000)]
  0x0000000009586800 JavaThread "C2 CompilerThread1" daemon [_thread_blocked, id=1628, stack(0x0000000009f30000,0x000000000a030000)]
=>0x0000000009584800 JavaThread "C2 CompilerThread0" daemon [_thread_in_native, id=8412, stack(0x0000000009e30000,0x0000000009f30000)]
  0x0000000009581000 JavaThread "Attach Listener" daemon [_thread_blocked, id=10852, stack(0x0000000009d30000,0x0000000009e30000)]
  0x0000000009580000 JavaThread "Signal Dispatcher" daemon [_thread_blocked, id=832, stack(0x0000000009c30000,0x0000000009d30000)]
  0x0000000009571000 JavaThread "Finalizer" daemon [_thread_blocked, id=5132, stack(0x0000000009a50000,0x0000000009b50000)]
  0x0000000009570800 JavaThread "Reference Handler" daemon [_thread_blocked, id=92, stack(0x0000000009950000,0x0000000009a50000)]
  0x00000000028be800 JavaThread "main" [_thread_blocked, id=3520, stack(0x0000000002710000,0x0000000002810000)]

Other Threads:
  0x0000000007776800 VMThread [stack: 0x0000000009450000,0x0000000009550000] [id=8348]
  0x0000000009620000 WatcherThread [stack: 0x000000000a330000,0x000000000a430000] [id=8764]

VM state:not at safepoint (normal execution)

VM Mutex/Monitor currently owned by a thread: None

OutOfMemory and StackOverflow Exception counts:
OutOfMemoryError java_heap_errors=1

heap address: 0x00000000a0000000, size: 1536 MB, Compressed Oops mode: 32-bit
Narrow klass base: 0x0000000000000000, Narrow klass shift: 3
Compressed class space size: 1073741824 Address: 0x0000000100000000

Heap:
 PSYoungGen      total 259072K, used 68839K [0x00000000e0000000, 0x00000000f2c00000, 0x0000000100000000)
  eden space 214016K, 28% used [0x00000000e0000000,0x00000000e3b100e8,0x00000000ed100000)
  from space 45056K, 18% used [0x00000000f0000000,0x00000000f0829c08,0x00000000f2c00000)
  to   space 46592K, 0% used [0x00000000ed100000,0x00000000ed100000,0x00000000efe80000)
 ParOldGen       total 250880K, used 86266K [0x00000000a0000000, 0x00000000af500000, 0x00000000e0000000)
  object space 250880K, 34% used [0x00000000a0000000,0x00000000a543e838,0x00000000af500000)
 Metaspace       used 90844K, capacity 96852K, committed 99352K, reserved 1136640K
  class space    used 11542K, capacity 12533K, committed 13096K, reserved 1048576K

Card table byte_map: [0x0000000002d80000,0x0000000003090000] byte_map_base: 0x0000000002880000

Marking Bits: (ParMarkBitMap*) 0x0000000063d99f30
 Begin Bits: [0x0000000003a90000, 0x0000000005290000)
 End Bits:   [0x0000000005290000, 0x0000000006a90000)

Polling page: 0x0000000000f50000

CodeCache: size=245760Kb used=70718Kb max_used=70730Kb free=175041Kb
 bounds [0x000000000f010000, 0x00000000135b0000, 0x000000001e010000]
 total_blobs=20347 nmethods=19493 adapters=764
 compilation: enabled

Compilation events (10 events):
Event: 5678.342 Thread 0x000000000958e000 nmethod 25892 0x00000000109b80d0 code [0x00000000109b8240, 0x00000000109b8508]
Event: 5678.349 Thread 0x0000000009586800 25893  s    4       org.gradle.internal.concurrent.CompositeStoppable::add (16 bytes)
Event: 5678.356 Thread 0x0000000009586800 nmethod 25893 0x00000000106dd8d0 code [0x00000000106dda40, 0x00000000106de1f8]
Event: 5678.397 Thread 0x000000000958a000 nmethod 25881 0x000000001356e810 code [0x000000001356eaa0, 0x0000000013570bb0]
Event: 5678.469 Thread 0x0000000009586800 25894       4       com.android.ide.common.resources.DataSet::checkItems (157 bytes)
Event: 5678.505 Thread 0x0000000009586800 nmethod 25894 0x00000000135409d0 code [0x0000000013540be0, 0x0000000013541688]
Event: 5678.626 Thread 0x000000000958a000 25895       4       java.util.ArrayList::listIterator (10 bytes)
Event: 5678.627 Thread 0x000000000958a000 nmethod 25895 0x00000000106ded50 code [0x00000000106deea0, 0x00000000106def98]
Event: 5678.633 Thread 0x0000000009586800 25896       4       java.util.LinkedHashMap$LinkedEntrySet::forEach (67 bytes)
Event: 5678.636 Thread 0x0000000009586800 nmethod 25896 0x00000000106de950 code [0x00000000106deaa0, 0x00000000106debe8]

GC Heap History (10 events):
Event: 5406.346 GC heap before
{Heap before GC invocations=50 (full 4):
 PSYoungGen      total 263168K, used 225782K [0x00000000e0000000, 0x00000000f3700000, 0x0000000100000000)
  eden space 205312K, 99% used [0x00000000e0000000,0x00000000ec794a58,0x00000000ec880000)
  from space 57856K, 37% used [0x00000000ec880000,0x00000000edd69148,0x00000000f0100000)
  to   space 54272K, 0% used [0x00000000f0200000,0x00000000f0200000,0x00000000f3700000)
 ParOldGen       total 250880K, used 86226K [0x00000000a0000000, 0x00000000af500000, 0x00000000e0000000)
  object space 250880K, 34% used [0x00000000a0000000,0x00000000a5434838,0x00000000af500000)
 Metaspace       used 90401K, capacity 96236K, committed 98840K, reserved 1134592K
  class space    used 11505K, capacity 12469K, committed 13096K, reserved 1048576K
Event: 5406.369 GC heap after
Heap after GC invocations=50 (full 4):
 PSYoungGen      total 260096K, used 9383K [0x00000000e0000000, 0x00000000f3400000, 0x0000000100000000)
  eden space 208896K, 0% used [0x00000000e0000000,0x00000000e0000000,0x00000000ecc00000)
  from space 51200K, 18% used [0x00000000f0200000,0x00000000f0b29c18,0x00000000f3400000)
  to   space 53248K, 0% used [0x00000000ecc00000,0x00000000ecc00000,0x00000000f0000000)
 ParOldGen       total 250880K, used 86234K [0x00000000a0000000, 0x00000000af500000, 0x00000000e0000000)
  object space 250880K, 34% used [0x00000000a0000000,0x00000000a5436838,0x00000000af500000)
 Metaspace       used 90401K, capacity 96236K, committed 98840K, reserved 1134592K
  class space    used 11505K, capacity 12469K, committed 13096K, reserved 1048576K
}
Event: 5420.110 GC heap before
{Heap before GC invocations=51 (full 4):
 PSYoungGen      total 260096K, used 218274K [0x00000000e0000000, 0x00000000f3400000, 0x0000000100000000)
  eden space 208896K, 99% used [0x00000000e0000000,0x00000000ecbfec40,0x00000000ecc00000)
  from space 51200K, 18% used [0x00000000f0200000,0x00000000f0b29c18,0x00000000f3400000)
  to   space 53248K, 0% used [0x00000000ecc00000,0x00000000ecc00000,0x00000000f0000000)
 ParOldGen       total 250880K, used 86234K [0x00000000a0000000, 0x00000000af500000, 0x00000000e0000000)
  object space 250880K, 34% used [0x00000000a0000000,0x00000000a5436838,0x00000000af500000)
 Metaspace       used 90636K, capacity 96538K, committed 99096K, reserved 1134592K
  class space    used 11534K, capacity 12524K, committed 13096K, reserved 1048576K
Event: 5420.160 GC heap after
Heap after GC invocations=51 (full 4):
 PSYoungGen      total 262144K, used 21675K [0x00000000e0000000, 0x00000000f3200000, 0x0000000100000000)
  eden space 208896K, 0% used [0x00000000e0000000,0x00000000e0000000,0x00000000ecc00000)
  from space 53248K, 40% used [0x00000000ecc00000,0x00000000ee12ae20,0x00000000f0000000)
  to   space 50176K, 0% used [0x00000000f0100000,0x00000000f0100000,0x00000000f3200000)
 ParOldGen       total 250880K, used 86242K [0x00000000a0000000, 0x00000000af500000, 0x00000000e0000000)
  object space 250880K, 34% used [0x00000000a0000000,0x00000000a5438838,0x00000000af500000)
 Metaspace       used 90636K, capacity 96538K, committed 99096K, reserved 1134592K
  class space    used 11534K, capacity 12524K, committed 13096K, reserved 1048576K
}
Event: 5479.974 GC heap before
{Heap before GC invocations=52 (full 4):
 PSYoungGen      total 262144K, used 230571K [0x00000000e0000000, 0x00000000f3200000, 0x0000000100000000)
  eden space 208896K, 100% used [0x00000000e0000000,0x00000000ecc00000,0x00000000ecc00000)
  from space 53248K, 40% used [0x00000000ecc00000,0x00000000ee12ae20,0x00000000f0000000)
  to   space 50176K, 0% used [0x00000000f0100000,0x00000000f0100000,0x00000000f3200000)
 ParOldGen       total 250880K, used 86242K [0x00000000a0000000, 0x00000000af500000, 0x00000000e0000000)
  object space 250880K, 34% used [0x00000000a0000000,0x00000000a5438838,0x00000000af500000)
 Metaspace       used 90714K, capacity 96712K, committed 99096K, reserved 1134592K
  class space    used 11538K, capacity 12531K, committed 13096K, reserved 1048576K
Event: 5479.984 GC heap after
Heap after GC invocations=52 (full 4):
 PSYoungGen      total 258048K, used 12744K [0x00000000e0000000, 0x00000000f2e00000, 0x0000000100000000)
  eden space 211968K, 0% used [0x00000000e0000000,0x00000000e0000000,0x00000000ecf00000)
  from space 46080K, 27% used [0x00000000f0100000,0x00000000f0d72090,0x00000000f2e00000)
  to   space 48640K, 0% used [0x00000000ecf00000,0x00000000ecf00000,0x00000000efe80000)
 ParOldGen       total 250880K, used 86250K [0x00000000a0000000, 0x00000000af500000, 0x00000000e0000000)
  object space 250880K, 34% used [0x00000000a0000000,0x00000000a543a838,0x00000000af500000)
 Metaspace       used 90714K, capacity 96712K, committed 99096K, reserved 1134592K
  class space    used 11538K, capacity 12531K, committed 13096K, reserved 1048576K
}
Event: 5522.267 GC heap before
{Heap before GC invocations=53 (full 4):
 PSYoungGen      total 258048K, used 224712K [0x00000000e0000000, 0x00000000f2e00000, 0x0000000100000000)
  eden space 211968K, 100% used [0x00000000e0000000,0x00000000ecf00000,0x00000000ecf00000)
  from space 46080K, 27% used [0x00000000f0100000,0x00000000f0d72090,0x00000000f2e00000)
  to   space 48640K, 0% used [0x00000000ecf00000,0x00000000ecf00000,0x00000000efe80000)
 ParOldGen       total 250880K, used 86250K [0x00000000a0000000, 0x00000000af500000, 0x00000000e0000000)
  object space 250880K, 34% used [0x00000000a0000000,0x00000000a543a838,0x00000000af500000)
 Metaspace       used 90762K, capacity 96788K, committed 99096K, reserved 1134592K
  class space    used 11539K, capacity 12533K, committed 13096K, reserved 1048576K
Event: 5522.277 GC heap after
Heap after GC invocations=53 (full 4):
 PSYoungGen      total 260608K, used 8072K [0x00000000e0000000, 0x00000000f2e80000, 0x0000000100000000)
  eden space 211968K, 0% used [0x00000000e0000000,0x00000000e0000000,0x00000000ecf00000)
  from space 48640K, 16% used [0x00000000ecf00000,0x00000000ed6e2080,0x00000000efe80000)
  to   space 47616K, 0% used [0x00000000f0000000,0x00000000f0000000,0x00000000f2e80000)
 ParOldGen       total 250880K, used 86258K [0x00000000a0000000, 0x00000000af500000, 0x00000000e0000000)
  object space 250880K, 34% used [0x00000000a0000000,0x00000000a543c838,0x00000000af500000)
 Metaspace       used 90762K, capacity 96788K, committed 99096K, reserved 1134592K
  class space    used 11539K, capacity 12533K, committed 13096K, reserved 1048576K
}
Event: 5677.248 GC heap before
{Heap before GC invocations=54 (full 4):
 PSYoungGen      total 260608K, used 220040K [0x00000000e0000000, 0x00000000f2e80000, 0x0000000100000000)
  eden space 211968K, 100% used [0x00000000e0000000,0x00000000ecf00000,0x00000000ecf00000)
  from space 48640K, 16% used [0x00000000ecf00000,0x00000000ed6e2080,0x00000000efe80000)
  to   space 47616K, 0% used [0x00000000f0000000,0x00000000f0000000,0x00000000f2e80000)
 ParOldGen       total 250880K, used 86258K [0x00000000a0000000, 0x00000000af500000, 0x00000000e0000000)
  object space 250880K, 34% used [0x00000000a0000000,0x00000000a543c838,0x00000000af500000)
 Metaspace       used 90842K, capacity 96852K, committed 99352K, reserved 1136640K
  class space    used 11542K, capacity 12533K, committed 13096K, reserved 1048576K
Event: 5677.259 GC heap after
Heap after GC invocations=54 (full 4):
 PSYoungGen      total 259072K, used 8359K [0x00000000e0000000, 0x00000000f2c00000, 0x0000000100000000)
  eden space 214016K, 0% used [0x00000000e0000000,0x00000000e0000000,0x00000000ed100000)
  from space 45056K, 18% used [0x00000000f0000000,0x00000000f0829c08,0x00000000f2c00000)
  to   space 46592K, 0% used [0x00000000ed100000,0x00000000ed100000,0x00000000efe80000)
 ParOldGen       total 250880K, used 86266K [0x00000000a0000000, 0x00000000af500000, 0x00000000e0000000)
  object space 250880K, 34% used [0x00000000a0000000,0x00000000a543e838,0x00000000af500000)
 Metaspace       used 90842K, capacity 96852K, committed 99352K, reserved 1136640K
  class space    used 11542K, capacity 12533K, committed 13096K, reserved 1048576K
}

Deoptimization events (10 events):
Event: 5416.831 Thread 0x0000000020cc1000 Uncommon trap: reason=unstable_if action=reinterpret pc=0x0000000010057e58 method=com.sun.tools.javac.parser.UnicodeReader.scanChar()V @ 37
Event: 5416.831 Thread 0x0000000020cc1000 Uncommon trap: reason=unstable_if action=reinterpret pc=0x0000000010168914 method=com.sun.tools.javac.parser.UnicodeReader.scanChar()V @ 37
Event: 5417.874 Thread 0x0000000020cc1000 Uncommon trap: reason=bimorphic action=maybe_recompile pc=0x0000000012379038 method=com.sun.tools.javac.comp.MemberEnter.needsLazyConstValue(Lcom/sun/tools/javac/tree/JCTree;)Z @ 10
Event: 5417.896 Thread 0x0000000020cc1000 Uncommon trap: reason=class_check action=maybe_recompile pc=0x00000000115a9954 method=com.sun.tools.javac.comp.Attr.attribLazyConstantValue(Lcom/sun/tools/javac/comp/Env;Lcom/sun/tools/javac/tree/JCTree$JCVariableDecl;Lcom/sun/tools/javac/code/Type;)Ljava
Event: 5417.897 Thread 0x0000000020cc1000 Uncommon trap: reason=class_check action=maybe_recompile pc=0x00000000115a9954 method=com.sun.tools.javac.comp.Attr.attribLazyConstantValue(Lcom/sun/tools/javac/comp/Env;Lcom/sun/tools/javac/tree/JCTree$JCVariableDecl;Lcom/sun/tools/javac/code/Type;)Ljava
Event: 5417.900 Thread 0x0000000020cc1000 Uncommon trap: reason=class_check action=maybe_recompile pc=0x00000000115a9954 method=com.sun.tools.javac.comp.Attr.attribLazyConstantValue(Lcom/sun/tools/javac/comp/Env;Lcom/sun/tools/javac/tree/JCTree$JCVariableDecl;Lcom/sun/tools/javac/code/Type;)Ljava
Event: 5417.919 Thread 0x0000000020cc1000 Uncommon trap: reason=class_check action=maybe_recompile pc=0x00000000115a9954 method=com.sun.tools.javac.comp.Attr.attribLazyConstantValue(Lcom/sun/tools/javac/comp/Env;Lcom/sun/tools/javac/tree/JCTree$JCVariableDecl;Lcom/sun/tools/javac/code/Type;)Ljava
Event: 5418.218 Thread 0x0000000020cc1000 Uncommon trap: reason=bimorphic action=maybe_recompile pc=0x000000001310a76c method=com.sun.tools.javac.comp.MemberEnter.needsLazyConstValue(Lcom/sun/tools/javac/tree/JCTree;)Z @ 10
Event: 5522.307 Thread 0x000000000e02f000 Uncommon trap: reason=null_check action=make_not_entrant pc=0x0000000010e927fc method=java.lang.ThreadLocal$ThreadLocalMap.getEntryAfterMiss(Ljava/lang/ThreadLocal;ILjava/lang/ThreadLocal$ThreadLocalMap$Entry;)Ljava/lang/ThreadLocal$ThreadLocalMap$Entry; 
Event: 5678.313 Thread 0x000000000b1ef800 Uncommon trap: reason=unstable_if action=reinterpret pc=0x000000000fa19b84 method=com.sun.org.apache.xerces.internal.dom.DeferredDocumentImpl.getChunkIndex([[III)I @ 3

Classes redefined (0 events):
No events

Internal exceptions (10 events):
Event: 5421.044 Thread 0x000000000e02f000 Exception <a 'sun/nio/fs/WindowsException'> (0x00000000e80852c8) thrown at [D:\src\AOSP-openjdk-cygwin\jdk8u\hotspot\src\share\vm\prims\jni.cpp, line 710]
Event: 5480.571 Thread 0x000000000b1f5800 Exception <a 'sun/nio/fs/WindowsException'> (0x00000000e2860578) thrown at [D:\src\AOSP-openjdk-cygwin\jdk8u\hotspot\src\share\vm\prims\jni.cpp, line 710]
Event: 5480.585 Thread 0x000000000b1f5800 Exception <a 'sun/nio/fs/WindowsException'> (0x00000000e2986d78) thrown at [D:\src\AOSP-openjdk-cygwin\jdk8u\hotspot\src\share\vm\prims\jni.cpp, line 710]
Event: 5481.868 Thread 0x0000000020cbd000 Exception <a 'sun/nio/fs/WindowsException'> (0x00000000e34171b0) thrown at [D:\src\AOSP-openjdk-cygwin\jdk8u\hotspot\src\share\vm\prims\jni.cpp, line 710]
Event: 5482.286 Thread 0x0000000020cc0000 Exception <a 'sun/nio/fs/WindowsException'> (0x00000000eab57ce8) thrown at [D:\src\AOSP-openjdk-cygwin\jdk8u\hotspot\src\share\vm\prims\jni.cpp, line 710]
Event: 5482.500 Thread 0x000000000e02f000 Exception <a 'sun/nio/fs/WindowsException'> (0x00000000ec4ac548) thrown at [D:\src\AOSP-openjdk-cygwin\jdk8u\hotspot\src\share\vm\prims\jni.cpp, line 710]
Event: 5522.307 Thread 0x000000000e02f000 Implicit null exception at 0x0000000010e915e4 to 0x0000000010e927d1
Event: 5527.499 Thread 0x000000000e02f000 Exception <a 'sun/nio/fs/WindowsException'> (0x00000000e4ce5b60) thrown at [D:\src\AOSP-openjdk-cygwin\jdk8u\hotspot\src\share\vm\prims\jni.cpp, line 710]
Event: 5546.415 Thread 0x000000000e02f000 Exception <a 'sun/nio/fs/WindowsException'> (0x00000000ea2ff410) thrown at [D:\src\AOSP-openjdk-cygwin\jdk8u\hotspot\src\share\vm\prims\jni.cpp, line 710]
Event: 5678.313 Thread 0x000000000b1ef800 Implicit null exception at 0x000000000fa19b1a to 0x000000000fa19b6d

Events (10 events):
Event: 5678.469 Thread 0x000000000b1ef800 DEOPT UNPACKING pc=0x000000000f0575d0 sp=0x000000002743c8c0 mode 0
Event: 5678.705 Thread 0x000000000b1f4800 Thread added: 0x000000000b1f4800
Event: 5678.709 Thread 0x000000000b1f1800 Thread added: 0x000000000b1f1800
Event: 5678.712 Executing VM operation: RevokeBias
Event: 5678.714 Executing VM operation: RevokeBias done
Event: 5678.714 Executing VM operation: RevokeBias
Event: 5678.715 Executing VM operation: RevokeBias done
Event: 5678.717 Thread 0x000000000b1f5800 Thread added: 0x000000000b1f5800
Event: 5678.734 Thread 0x000000000e02c800 Thread added: 0x000000000e02c800
Event: 5678.734 Thread 0x000000000e02c000 Thread added: 0x000000000e02c000


Dynamic libraries:
0x00007ff74f210000 - 0x00007ff74f241000 	C:\Program Files\Android\Android Studio\jre\bin\java.exe
0x00007ffb3b0e0000 - 0x00007ffb3b28c000 	C:\Windows\SYSTEM32\ntdll.dll
0x00007ffb3aaf0000 - 0x00007ffb3ac2e000 	C:\Windows\system32\KERNEL32.DLL
0x00007ffb38650000 - 0x00007ffb38765000 	C:\Windows\system32\KERNELBASE.dll
0x00007ffb38bb0000 - 0x00007ffb38c5a000 	C:\Windows\system32\ADVAPI32.dll
0x00007ffb3ad00000 - 0x00007ffb3ae77000 	C:\Windows\system32\USER32.dll
0x00007ffb362c0000 - 0x00007ffb3653a000 	C:\Windows\WinSxS\amd64_microsoft.windows.common-controls_6595b64144ccf1df_6.0.9600.17810_none_6240b9c7ecbd0bda\COMCTL32.dll
0x00007ffb3b030000 - 0x00007ffb3b0da000 	C:\Windows\system32\msvcrt.dll
0x00007ffb38ae0000 - 0x00007ffb38b39000 	C:\Windows\SYSTEM32\sechost.dll
0x00007ffb38770000 - 0x00007ffb388b1000 	C:\Windows\system32\RPCRT4.dll
0x00007ffb38c80000 - 0x00007ffb38dcf000 	C:\Windows\system32\GDI32.dll
0x00007ffb3aaa0000 - 0x00007ffb3aad6000 	C:\Windows\system32\IMM32.DLL
0x00007ffb38980000 - 0x00007ffb38ad2000 	C:\Windows\system32\MSCTF.dll
0x00007ffb38200000 - 0x00007ffb38231000 	C:\Windows\system32\nvinitx.dll
0x000000000f000000 - 0x000000000f006000 	C:\Program Files\NVIDIA Corporation\CoProcManager\detoured.dll
0x00007ffb36170000 - 0x00007ffb361cf000 	C:\Program Files\NVIDIA Corporation\CoProcManager\nvd3d9wrapx.dll
0x00007ffb3a590000 - 0x00007ffb3a76a000 	C:\Windows\system32\SETUPAPI.dll
0x00007ffb38420000 - 0x00007ffb3846f000 	C:\Windows\system32\CFGMGR32.dll
0x00007ffb35db0000 - 0x00007ffb35df6000 	C:\Program Files\NVIDIA Corporation\CoProcManager\nvdxgiwrapx.dll
0x00000000634f0000 - 0x00000000635c2000 	C:\Program Files\Android\Android Studio\jre\jre\bin\msvcr100.dll
0x00000000635d0000 - 0x0000000063e16000 	C:\Program Files\Android\Android Studio\jre\jre\bin\server\jvm.dll
0x00007ffb2cb80000 - 0x00007ffb2cb89000 	C:\Windows\SYSTEM32\WSOCK32.dll
0x00007ffb35c10000 - 0x00007ffb35c32000 	C:\Windows\SYSTEM32\WINMM.dll
0x00007ffb36570000 - 0x00007ffb3657a000 	C:\Windows\SYSTEM32\VERSION.dll
0x00007ffb3a300000 - 0x00007ffb3a307000 	C:\Windows\system32\PSAPI.DLL
0x00007ffb3a830000 - 0x00007ffb3a88a000 	C:\Windows\system32\WS2_32.dll
0x00007ffb35bd0000 - 0x00007ffb35bfa000 	C:\Windows\SYSTEM32\WINMMBASE.dll
0x00007ffb3a2f0000 - 0x00007ffb3a2f9000 	C:\Windows\system32\NSI.dll
0x00007ffb36ff0000 - 0x00007ffb37018000 	C:\Windows\SYSTEM32\DEVOBJ.dll
0x00007ffb35e90000 - 0x00007ffb35e9f000 	C:\Program Files\Android\Android Studio\jre\jre\bin\verify.dll
0x00007ffb1a6c0000 - 0x00007ffb1a6e9000 	C:\Program Files\Android\Android Studio\jre\jre\bin\java.dll
0x00007ffb32910000 - 0x00007ffb32926000 	C:\Program Files\Android\Android Studio\jre\jre\bin\zip.dll
0x00007ffb38dd0000 - 0x00007ffb3a2e9000 	C:\Windows\system32\SHELL32.dll
0x00007ffb3a310000 - 0x00007ffb3a521000 	C:\Windows\SYSTEM32\combase.dll
0x00007ffb3a890000 - 0x00007ffb3a8e4000 	C:\Windows\system32\SHLWAPI.dll
0x00007ffb367b0000 - 0x00007ffb36862000 	C:\Windows\SYSTEM32\SHCORE.dll
0x00007ffb38240000 - 0x00007ffb38255000 	C:\Windows\SYSTEM32\profapi.dll
0x00007ffb32610000 - 0x00007ffb3262a000 	C:\Program Files\Android\Android Studio\jre\jre\bin\net.dll
0x00007ffb37a00000 - 0x00007ffb37a59000 	C:\Windows\system32\mswsock.dll
0x00007ffb15120000 - 0x00007ffb15131000 	C:\Program Files\Android\Android Studio\jre\jre\bin\nio.dll
0x00007ffb06090000 - 0x00007ffb060b6000 	C:\Users\AlexV\.gradle\native\29\windows-amd64\native-platform.dll
0x00007ffb354a0000 - 0x00007ffb354ad000 	C:\Program Files\Android\Android Studio\jre\jre\bin\management.dll
0x00007ffb37ac0000 - 0x00007ffb37ae0000 	C:\Windows\SYSTEM32\CRYPTSP.dll
0x00007ffb377d0000 - 0x00007ffb37806000 	C:\Windows\system32\rsaenh.dll
0x00007ffb37d20000 - 0x00007ffb37d46000 	C:\Windows\SYSTEM32\bcrypt.dll
0x00007ffb37880000 - 0x00007ffb378a1000 	C:\Windows\SYSTEM32\USERENV.dll
0x00007ffb38060000 - 0x00007ffb380c3000 	C:\Windows\system32\bcryptprimitives.dll
0x00007ffb380d0000 - 0x00007ffb380db000 	C:\Windows\SYSTEM32\CRYPTBASE.dll
0x00007ffb32350000 - 0x00007ffb3237a000 	C:\Windows\SYSTEM32\IPHLPAPI.DLL
0x00007ffb32330000 - 0x00007ffb3233a000 	C:\Windows\SYSTEM32\WINNSI.DLL
0x00007ffb31ce0000 - 0x00007ffb31cf6000 	C:\Windows\SYSTEM32\dhcpcsvc6.DLL
0x00007ffb31d70000 - 0x00007ffb31d8a000 	C:\Windows\SYSTEM32\dhcpcsvc.DLL

VM Arguments:
jvm_args: -Xmx1536m -Dfile.encoding=windows-1251 -Duser.country=RU -Duser.language=ru -Duser.variant 
java_command: org.gradle.launcher.daemon.bootstrap.GradleDaemon 5.4.1
java_class_path (initial): C:\Users\AlexV\.gradle\wrapper\dists\gradle-5.4.1-all\3221gyojl5jsh0helicew7rwx\gradle-5.4.1\lib\gradle-launcher-5.4.1.jar
Launcher Type: SUN_STANDARD

Environment Variables:
JAVA_HOME=C:\Program Files (x86)\Java\jdk1.8.0_181
PATH=C:\Program Files (x86)\Common Files\Oracle\Java\javapath;C:\Program Files\Microsoft MPI\Bin\;C:\Program Files (x86)\Intel\iCLS Client\;C:\Program Files\Intel\iCLS Client\;C:\Program Files (x86)\NVIDIA Corporation\PhysX\Common;C:\Windows\system32;C:\Windows;C:\Windows\System32\Wbem;C:\Windows\System32\WindowsPowerShell\v1.0\;C:\Program Files\Intel\Intel(R) Management Engine Components\DAL;C:\Program Files\Intel\Intel(R) Management Engine Components\IPT;C:\Program Files (x86)\Intel\Intel(R) Management Engine Components\DAL;C:\Program Files (x86)\Intel\Intel(R) Management Engine Components\IPT;C:\Program Files\Intel\WiFi\bin\;C:\Program Files\Common Files\Intel\WirelessCommon\;C:\Program Files\Calibre2\;C:\Program Files (x86)\Skype\Phone\;C:\Program Files\dotnet\;C:\Program Files\Microsoft SQL Server\130\Tools\Binn\;C:\Program Files\Git\cmd;C:\Program Files (x86)\Microsoft SQL Server\140\Tools\Binn\;C:\Program Files\Microsoft SQL Server\Client SDK\ODBC\130\Tools\Binn\;C:\Program Files\Microsoft SQL Server\140\Tools\Binn\;C:\Program Files\Microsoft SQL Server\140\DTS\Binn\;C:\Program Files (x86)\Microsoft SQL Server\Client SDK\ODBC\130\Tools\Binn\;C:\Program Files (x86)\Microsoft SQL Server\140\DTS\Binn\;C:\Program Files (x86)\Microsoft SQL Server\140\Tools\Binn\ManagementStudio\;C:\Program Files\Microsoft SQL Server\Client SDK\ODBC\170\Tools\Binn\;C:\Program Files\Intel\WiFi\bin\;C:\Program Files\Common Files\Intel\WirelessCommon\;C:\Program Files\JetBrains\PyCharm Community Edition 2019.1.3\bin;;C:\Program Files\JetBrains\IntelliJ IDEA Community Edition 2019.2.2\bin;
USERNAME=AlexV
OS=Windows_NT
PROCESSOR_IDENTIFIER=Intel64 Family 6 Model 58 Stepping 9, GenuineIntel



---------------  S Y S T E M  ---------------

OS: Windows 8.1 , 64 bit Build 9600 (6.3.9600.17415)

CPU:total 8 (initial active 8) (4 cores per cpu, 2 threads per core) family 6 model 58 stepping 9, cmov, cx8, fxsr, mmx, sse, sse2, sse3, ssse3, sse4.1, sse4.2, popcnt, avx, aes, clmul, erms, ht, tsc, tscinvbit, tscinv

Memory: 4k page, physical 8271412k(788396k free), swap 12981812k(12112k free)

vm_info: OpenJDK 64-Bit Server VM (25.202-b03) for windows-amd64 JRE (1.8.0_202-release-1483-b03), built by "builder" with MS VC++ 10.0 (VS2010)

time: Sun Dec 29 21:02:18 2019
timezone: Беларусь (зима)
elapsed time: 5678 seconds (0d 1h 34m 38s)

