#
# There is insufficient memory for the Java Runtime Environment to continue.
# Native memory allocation (malloc) failed to allocate 1101984 bytes for Chunk::new
# Possible reasons:
#   The system is out of physical RAM or swap space
#   The process is running with CompressedOops enabled, and the Java Heap may be blocking the growth of the native heap
# Possible solutions:
#   Reduce memory load on the system
#   Increase physical memory or swap space
#   Check if swap backing store is full
#   Decrease Java heap size (-Xmx/-Xms)
#   Decrease number of Java threads
#   Decrease Java thread stack sizes (-Xss)
#   Set larger code cache with -XX:ReservedCodeCacheSize=
#   JVM is running with Unscaled Compressed Oops mode in which the Java heap is
#     placed in the first 4GB address space. The Java Heap base address is the
#     maximum limit for the native heap growth. Please use -XX:HeapBaseMinAddress
#     to set the Java Heap base and to place the Java Heap above 4GB virtual address.
# This output file may be truncated or incomplete.
#
#  Out of Memory Error (allocation.cpp:389), pid=6208, tid=0x0000000000001db0
#
# JRE version: OpenJDK Runtime Environment (8.0_202-b03) (build 1.8.0_202-release-1483-b03)
# Java VM: OpenJDK 64-Bit Server VM (25.202-b03 mixed mode windows-amd64 compressed oops)
# Failed to write core dump. Minidumps are not enabled by default on client versions of Windows
#

---------------  T H R E A D  ---------------

Current thread (0x0000000009768000):  JavaThread "C2 CompilerThread1" daemon [_thread_in_native, id=7600, stack(0x000000000a110000,0x000000000a210000)]

Stack: [0x000000000a110000,0x000000000a210000]
[error occurred during error reporting (printing stack bounds), id 0xc0000005]

Native frames: (J=compiled Java code, j=interpreted, Vv=VM code, C=native code)


Current CompileTask:
C2:2897790 24976       4       com.android.tools.r8.dex.DexParser::a (1326 bytes)


---------------  P R O C E S S  ---------------

Java Threads: ( => current thread )
  0x000000002398e800 JavaThread "ForkJoinPool-15-worker-0" daemon [_thread_blocked, id=960, stack(0x0000000031880000,0x0000000031980000)]
  0x0000000021d0a800 JavaThread "ForkJoinPool-15-worker-7" daemon [_thread_blocked, id=7476, stack(0x0000000031780000,0x0000000031880000)]
  0x0000000021d09000 JavaThread "ForkJoinPool-15-worker-6" daemon [_thread_in_Java, id=4024, stack(0x00000000312f0000,0x00000000313f0000)]
  0x0000000021d0a000 JavaThread "ForkJoinPool-15-worker-5" daemon [_thread_blocked, id=424, stack(0x00000000311f0000,0x00000000312f0000)]
  0x0000000021d08800 JavaThread "ForkJoinPool-15-worker-4" daemon [_thread_blocked, id=10988, stack(0x0000000030de0000,0x0000000030ee0000)]
  0x0000000021d07800 JavaThread "ForkJoinPool-15-worker-3" daemon [_thread_blocked, id=12176, stack(0x0000000030ce0000,0x0000000030de0000)]
  0x0000000021d07000 JavaThread "ForkJoinPool-15-worker-2" daemon [_thread_blocked, id=14024, stack(0x0000000030be0000,0x0000000030ce0000)]
  0x0000000021d03000 JavaThread "ForkJoinPool-15-worker-1" daemon [_thread_blocked, id=5936, stack(0x000000002a6d0000,0x000000002a7d0000)]
  0x0000000021d05800 JavaThread "WorkerExecutor Queue Thread 15" [_thread_blocked, id=12312, stack(0x0000000029e30000,0x0000000029f30000)]
  0x0000000021d06000 JavaThread "WorkerExecutor Queue Thread 14" [_thread_blocked, id=11668, stack(0x0000000029c30000,0x0000000029d30000)]
  0x0000000021d01800 JavaThread "WorkerExecutor Queue Thread 13" [_thread_blocked, id=7816, stack(0x0000000029b30000,0x0000000029c30000)]
  0x0000000021d04800 JavaThread "WorkerExecutor Queue Thread 12" [_thread_blocked, id=9124, stack(0x0000000029a30000,0x0000000029b30000)]
  0x0000000021d01000 JavaThread "WorkerExecutor Queue Thread 11" [_thread_blocked, id=1216, stack(0x0000000029930000,0x0000000029a30000)]
  0x0000000021d04000 JavaThread "WorkerExecutor Queue Thread 10" [_thread_blocked, id=6152, stack(0x0000000029430000,0x0000000029530000)]
  0x0000000021cfb800 JavaThread "Cache worker for Java compile cache (F:\ANDROID DEVELOPMENT\Task 2 (Register - Login - Reset password)\.gradle\5.4.1\javaCompile)" [_thread_blocked, id=11792, stack(0x000000002b9d0000,0x000000002bad0000)]
  0x0000000021cfe000 JavaThread "WorkerExecutor Queue Thread 9" [_thread_blocked, id=6232, stack(0x000000002b8d0000,0x000000002b9d0000)]
  0x0000000021cfe800 JavaThread "stdout" [_thread_in_native, id=11292, stack(0x000000002b7d0000,0x000000002b8d0000)]
  0x0000000021cfc800 JavaThread "stderr" [_thread_in_native, id=5216, stack(0x000000002b6d0000,0x000000002b7d0000)]
  0x000000000a970000 JavaThread "stdout" [_thread_in_native, id=10428, stack(0x000000002b5d0000,0x000000002b6d0000)]
  0x000000000a96c000 JavaThread "stderr" [_thread_in_native, id=10784, stack(0x000000002b4d0000,0x000000002b5d0000)]
  0x0000000020939800 JavaThread "stdout" [_thread_in_native, id=9444, stack(0x000000002b3d0000,0x000000002b4d0000)]
  0x000000002093c800 JavaThread "stderr" [_thread_in_native, id=11460, stack(0x000000002b2d0000,0x000000002b3d0000)]
  0x000000002093a000 JavaThread "stdout" [_thread_in_native, id=10968, stack(0x000000002b1d0000,0x000000002b2d0000)]
  0x000000002093b800 JavaThread "stderr" [_thread_in_native, id=13616, stack(0x000000002b0d0000,0x000000002b1d0000)]
  0x000000002093b000 JavaThread "stdout" [_thread_in_native, id=10272, stack(0x000000002afd0000,0x000000002b0d0000)]
  0x0000000020934000 JavaThread "stderr" [_thread_in_native, id=11204, stack(0x000000002aed0000,0x000000002afd0000)]
  0x0000000020937000 JavaThread "stdout" [_thread_in_native, id=11956, stack(0x000000002add0000,0x000000002aed0000)]
  0x0000000020933800 JavaThread "stderr" [_thread_in_native, id=5892, stack(0x000000002acd0000,0x000000002add0000)]
  0x0000000020936800 JavaThread "stdout" [_thread_in_native, id=7116, stack(0x000000002abd0000,0x000000002acd0000)]
  0x000000002092f000 JavaThread "stderr" [_thread_in_native, id=4384, stack(0x000000002aad0000,0x000000002abd0000)]
  0x000000002092f800 JavaThread "stdout" [_thread_in_native, id=5024, stack(0x000000002a9d0000,0x000000002aad0000)]
  0x0000000020931000 JavaThread "stderr" [_thread_in_native, id=7696, stack(0x000000002a8d0000,0x000000002a9d0000)]
  0x0000000020932000 JavaThread "pool-20-thread-1" [_thread_blocked, id=14216, stack(0x000000002a7d0000,0x000000002a8d0000)]
  0x0000000023994000 JavaThread "MarlinRenderer Disposer" daemon [_thread_blocked, id=8256, stack(0x000000002a5d0000,0x000000002a6d0000)]
  0x0000000023993000 JavaThread "Java2D Disposer" daemon [_thread_blocked, id=13800, stack(0x000000002a290000,0x000000002a390000)]
  0x000000002398f000 JavaThread "WorkerExecutor Queue Thread 6" [_thread_blocked, id=1220, stack(0x0000000029d30000,0x0000000029e30000)]
  0x000000002398d000 JavaThread "Cache worker for execution history cache (F:\ANDROID DEVELOPMENT\Task 2 (Register - Login - Reset password)\.gradle\5.4.1\executionHistory)" [_thread_blocked, id=9004, stack(0x0000000028ad0000,0x0000000028bd0000)]
  0x0000000023987800 JavaThread "Execution worker for ':' Thread 7" [_thread_blocked, id=4876, stack(0x00000000289d0000,0x0000000028ad0000)]
  0x000000002398a800 JavaThread "Execution worker for ':' Thread 6" [_thread_blocked, id=8096, stack(0x00000000287d0000,0x00000000288d0000)]
  0x000000002398a000 JavaThread "Execution worker for ':' Thread 5" [_thread_blocked, id=9208, stack(0x00000000286d0000,0x00000000287d0000)]
  0x0000000023984800 JavaThread "Execution worker for ':' Thread 4" [_thread_blocked, id=2156, stack(0x0000000027390000,0x0000000027490000)]
  0x0000000023987000 JavaThread "Execution worker for ':' Thread 3" [_thread_blocked, id=11004, stack(0x0000000027290000,0x0000000027390000)]
  0x0000000023986000 JavaThread "Execution worker for ':' Thread 2" [_thread_blocked, id=14236, stack(0x0000000026d90000,0x0000000026e90000)]
  0x0000000021ba8800 JavaThread "Execution worker for ':'" [_thread_blocked, id=9012, stack(0x0000000026c90000,0x0000000026d90000)]
  0x0000000021ba8000 JavaThread "Cache worker for file content cache (F:\ANDROID DEVELOPMENT\Task 2 (Register - Login - Reset password)\.gradle\5.4.1\fileContent)" [_thread_blocked, id=3564, stack(0x0000000025780000,0x0000000025880000)]
  0x0000000021ba6000 JavaThread "Cache worker for Build Output Cleanup Cache (F:\ANDROID DEVELOPMENT\Task 2 (Register - Login - Reset password)\.gradle\buildOutputCleanup)" [_thread_blocked, id=11996, stack(0x0000000025480000,0x0000000025580000)]
  0x0000000021ba7000 JavaThread "Build operations Thread 8" [_thread_blocked, id=5072, stack(0x0000000024980000,0x0000000024a80000)]
  0x0000000021ba2800 JavaThread "Build operations Thread 7" [_thread_blocked, id=13400, stack(0x0000000024680000,0x0000000024780000)]
  0x0000000021ba3000 JavaThread "Build operations Thread 6" [_thread_blocked, id=5312, stack(0x0000000024580000,0x0000000024680000)]
  0x0000000021ba5800 JavaThread "Build operations Thread 5" [_thread_blocked, id=12576, stack(0x0000000024480000,0x0000000024580000)]
  0x0000000021ba4800 JavaThread "Build operations Thread 4" [_thread_blocked, id=12432, stack(0x0000000024380000,0x0000000024480000)]
  0x0000000021b9e800 JavaThread "Build operations Thread 3" [_thread_blocked, id=8652, stack(0x00000000231f0000,0x00000000232f0000)]
  0x0000000021ba1800 JavaThread "Build operations Thread 2" [_thread_blocked, id=13620, stack(0x0000000022e50000,0x0000000022f50000)]
  0x0000000021ba1000 JavaThread "Build operations" [_thread_blocked, id=13900, stack(0x0000000022d50000,0x0000000022e50000)]
  0x0000000021ba0000 JavaThread "Cache worker for cache directory md-rule (C:\Users\AlexV\.gradle\caches\5.4.1\md-rule)" [_thread_blocked, id=1064, stack(0x0000000022850000,0x0000000022950000)]
  0x0000000021b9f800 JavaThread "Cache worker for cache directory md-supplier (C:\Users\AlexV\.gradle\caches\5.4.1\md-supplier)" [_thread_blocked, id=13680, stack(0x0000000022750000,0x0000000022850000)]
  0x0000000021b9e000 JavaThread "Cache worker for file hash cache (F:\ANDROID DEVELOPMENT\Task 2 (Register - Login - Reset password)\.gradle\5.4.1\fileHashes)" [_thread_blocked, id=9748, stack(0x0000000021580000,0x0000000021680000)]
  0x0000000021b9b000 JavaThread "Thread-322" [_thread_blocked, id=11856, stack(0x000000000eee0000,0x000000000efe0000)]
  0x0000000021b9a000 JavaThread "Stdin handler" [_thread_blocked, id=1792, stack(0x000000000e980000,0x000000000ea80000)]
  0x0000000021b9d000 JavaThread "Asynchronous log dispatcher for DefaultDaemonConnection: socket connection from /127.0.0.1:59849 to /127.0.0.1:56263" [_thread_blocked, id=5392, stack(0x000000000ccb0000,0x000000000cdb0000)]
  0x0000000021b99800 JavaThread "Cancel handler" [_thread_blocked, id=5508, stack(0x000000000cab0000,0x000000000cbb0000)]
  0x0000000021b9c800 JavaThread "Handler for socket connection from /127.0.0.1:59849 to /127.0.0.1:56263" [_thread_in_native, id=5628, stack(0x000000000c7b0000,0x000000000c8b0000)]
  0x0000000023989000 JavaThread "Daemon worker Thread 8" [_thread_blocked, id=5948, stack(0x000000000cbb0000,0x000000000ccb0000)]
  0x0000000023985800 JavaThread "Daemon Thread 8" [_thread_blocked, id=3952, stack(0x000000000c6b0000,0x000000000c7b0000)]
  0x000000000a970800 JavaThread "Cache worker for Java compile cache (C:\Users\AlexV\.gradle\caches\5.4.1\javaCompile)" [_thread_blocked, id=11060, stack(0x00000000288d0000,0x00000000289d0000)]
  0x0000000020938800 JavaThread "Cache worker for file content cache (C:\Users\AlexV\.gradle\caches\5.4.1\fileContent)" [_thread_blocked, id=8456, stack(0x0000000025380000,0x0000000025480000)]
  0x0000000020938000 JavaThread "Memory manager" [_thread_blocked, id=9584, stack(0x0000000025280000,0x0000000025380000)]
  0x0000000020930800 JavaThread "Cache worker for execution history cache (C:\Users\AlexV\.gradle\caches\5.4.1\executionHistory)" [_thread_blocked, id=5764, stack(0x0000000021680000,0x0000000021780000)]
  0x000000000a96a000 JavaThread "Cache worker for journal cache (C:\Users\AlexV\.gradle\caches\journal-1)" [_thread_blocked, id=12416, stack(0x000000000d2b0000,0x000000000d3b0000)]
  0x000000000a96a800 JavaThread "File lock request listener" [_thread_in_native, id=13332, stack(0x000000000d1b0000,0x000000000d2b0000)]
  0x000000000b633800 JavaThread "Cache worker for file hash cache (C:\Users\AlexV\.gradle\caches\5.4.1\fileHashes)" [_thread_blocked, id=5828, stack(0x000000000d0b0000,0x000000000d1b0000)]
  0x000000000bb6e800 JavaThread "Daemon periodic checks" [_thread_blocked, id=13008, stack(0x000000000c5b0000,0x000000000c6b0000)]
  0x000000000b4e1000 JavaThread "Incoming local TCP Connector on port 59849" [_thread_in_native, id=11516, stack(0x000000000c3c0000,0x000000000c4c0000)]
  0x000000000b64c000 JavaThread "Daemon health stats" [_thread_blocked, id=8976, stack(0x000000000bde0000,0x000000000bee0000)]
  0x0000000009805800 JavaThread "Service Thread" daemon [_thread_blocked, id=5864, stack(0x000000000a410000,0x000000000a510000)]
  0x0000000009779800 JavaThread "C1 CompilerThread3" daemon [_thread_blocked, id=11840, stack(0x000000000a310000,0x000000000a410000)]
  0x000000000976c800 JavaThread "C2 CompilerThread2" daemon [_thread_in_native, id=7792, stack(0x000000000a210000,0x000000000a310000)]
=>0x0000000009768000 JavaThread "C2 CompilerThread1" daemon [_thread_in_native, id=7600, stack(0x000000000a110000,0x000000000a210000)]
  0x0000000009766000 JavaThread "C2 CompilerThread0" daemon [_thread_in_native, id=7756, stack(0x000000000a010000,0x000000000a110000)]
  0x0000000009763000 JavaThread "Attach Listener" daemon [_thread_blocked, id=10304, stack(0x0000000009f10000,0x000000000a010000)]
  0x0000000009760000 JavaThread "Signal Dispatcher" daemon [_thread_blocked, id=13020, stack(0x0000000009e10000,0x0000000009f10000)]
  0x0000000009751000 JavaThread "Finalizer" daemon [_thread_blocked, id=13056, stack(0x0000000009c30000,0x0000000009d30000)]
  0x0000000009750800 JavaThread "Reference Handler" daemon [_thread_blocked, id=8684, stack(0x0000000009b30000,0x0000000009c30000)]
  0x000000000299e800 JavaThread "main" [_thread_blocked, id=9952, stack(0x00000000029a0000,0x0000000002aa0000)]

Other Threads:
  0x0000000007956800 VMThread [stack: 0x0000000009630000,0x0000000009730000] [id=13628]
  0x0000000009806800 WatcherThread [stack: 0x000000000a510000,0x000000000a610000] [id=10596]

VM state:not at safepoint (normal execution)

VM Mutex/Monitor currently owned by a thread: None

heap address: 0x00000000a0000000, size: 1536 MB, Compressed Oops mode: 32-bit
Narrow klass base: 0x0000000000000000, Narrow klass shift: 3
Compressed class space size: 1073741824 Address: 0x0000000100000000

Heap:
 PSYoungGen      total 432128K, used 286234K [0x00000000e0000000, 0x00000000ff700000, 0x0000000100000000)
  eden space 398848K, 69% used [0x00000000e0000000,0x00000000f10268b8,0x00000000f8580000)
  from space 33280K, 22% used [0x00000000f8580000,0x00000000f8ce0010,0x00000000fa600000)
  to   space 32256K, 0% used [0x00000000fd780000,0x00000000fd780000,0x00000000ff700000)
 ParOldGen       total 175616K, used 118171K [0x00000000a0000000, 0x00000000aab80000, 0x00000000e0000000)
  object space 175616K, 67% used [0x00000000a0000000,0x00000000a7366d00,0x00000000aab80000)
 Metaspace       used 98963K, capacity 104244K, committed 105368K, reserved 1140736K
  class space    used 12453K, capacity 13409K, committed 13736K, reserved 1048576K

Card table byte_map: [0x0000000002f60000,0x0000000003270000] byte_map_base: 0x0000000002a60000

Marking Bits: (ParMarkBitMap*) 0x0000000053169f30
 Begin Bits: [0x0000000003c70000, 0x0000000005470000)
 End Bits:   [0x0000000005470000, 0x0000000006c70000)

Polling page: 0x0000000002830000

CodeCache: size=245760Kb used=72823Kb max_used=72959Kb free=172936Kb
 bounds [0x000000000f010000, 0x0000000013800000, 0x000000001e010000]
 total_blobs=20751 nmethods=19752 adapters=906
 compilation: enabled

Compilation events (10 events):
Event: 2897.701 Thread 0x000000000976c800 nmethod 25052 0x0000000011d0a9d0 code [0x0000000011d0ab20, 0x0000000011d0abd8]
Event: 2897.701 Thread 0x000000000976c800 24981       4       com.android.tools.r8.code.Format11n::hashCode (20 bytes)
Event: 2897.702 Thread 0x000000000976c800 nmethod 24981 0x00000000130b7010 code [0x00000000130b7160, 0x00000000130b7228]
Event: 2897.702 Thread 0x000000000976c800 24989       4       com.android.tools.r8.code.Format21t::hashCode (21 bytes)
Event: 2897.703 Thread 0x000000000976c800 nmethod 24989 0x0000000012715d90 code [0x0000000012715ee0, 0x0000000012715fa8]
Event: 2897.703 Thread 0x000000000976c800 22787 %     4       com.android.tools.r8.ir.code.IRCode::x @ 5 (59 bytes)
Event: 2897.728 Thread 0x000000000976c800 nmethod 22787% 0x0000000011811c50 code [0x0000000011811e40, 0x00000000118127b8]
Event: 2897.729 Thread 0x000000000976c800 25086 %     4       com.android.tools.r8.graph.ObjectToOffsetMapping::a @ 62 (113 bytes)
Event: 2897.742 Thread 0x000000000976c800 nmethod 25086% 0x0000000012193c90 code [0x0000000012193e40, 0x0000000012194728]
Event: 2897.742 Thread 0x000000000976c800 25085       4       java.util.stream.SortedOps$SizedRefSortingSink::end (129 bytes)

GC Heap History (10 events):
Event: 2884.509 GC heap before
{Heap before GC invocations=47 (full 4):
 PSYoungGen      total 343552K, used 314660K [0x00000000e0000000, 0x00000000f7780000, 0x0000000100000000)
  eden space 308736K, 100% used [0x00000000e0000000,0x00000000f2d80000,0x00000000f2d80000)
  from space 34816K, 17% used [0x00000000f5580000,0x00000000f5b491a0,0x00000000f7780000)
  to   space 37888K, 0% used [0x00000000f2d80000,0x00000000f2d80000,0x00000000f5280000)
 ParOldGen       total 175616K, used 93546K [0x00000000a0000000, 0x00000000aab80000, 0x00000000e0000000)
  object space 175616K, 53% used [0x00000000a0000000,0x00000000a5b5aba8,0x00000000aab80000)
 Metaspace       used 98814K, capacity 104080K, committed 105112K, reserved 1140736K
  class space    used 12449K, capacity 13403K, committed 13736K, reserved 1048576K
Event: 2884.531 GC heap after
Heap after GC invocations=47 (full 4):
 PSYoungGen      total 346624K, used 5504K [0x00000000e0000000, 0x00000000fa380000, 0x0000000100000000)
  eden space 308736K, 0% used [0x00000000e0000000,0x00000000e0000000,0x00000000f2d80000)
  from space 37888K, 14% used [0x00000000f2d80000,0x00000000f32e0000,0x00000000f5280000)
  to   space 37376K, 0% used [0x00000000f7f00000,0x00000000f7f00000,0x00000000fa380000)
 ParOldGen       total 175616K, used 98726K [0x00000000a0000000, 0x00000000aab80000, 0x00000000e0000000)
  object space 175616K, 56% used [0x00000000a0000000,0x00000000a6069938,0x00000000aab80000)
 Metaspace       used 98814K, capacity 104080K, committed 105112K, reserved 1140736K
  class space    used 12449K, capacity 13403K, committed 13736K, reserved 1048576K
}
Event: 2885.612 GC heap before
{Heap before GC invocations=48 (full 4):
 PSYoungGen      total 346624K, used 314240K [0x00000000e0000000, 0x00000000fa380000, 0x0000000100000000)
  eden space 308736K, 100% used [0x00000000e0000000,0x00000000f2d80000,0x00000000f2d80000)
  from space 37888K, 14% used [0x00000000f2d80000,0x00000000f32e0000,0x00000000f5280000)
  to   space 37376K, 0% used [0x00000000f7f00000,0x00000000f7f00000,0x00000000fa380000)
 ParOldGen       total 175616K, used 98726K [0x00000000a0000000, 0x00000000aab80000, 0x00000000e0000000)
  object space 175616K, 56% used [0x00000000a0000000,0x00000000a6069938,0x00000000aab80000)
 Metaspace       used 98836K, capacity 104162K, committed 105112K, reserved 1140736K
  class space    used 12451K, capacity 13406K, committed 13736K, reserved 1048576K
Event: 2885.641 GC heap after
Heap after GC invocations=48 (full 4):
 PSYoungGen      total 385024K, used 5696K [0x00000000e0000000, 0x00000000f9f00000, 0x0000000100000000)
  eden space 352256K, 0% used [0x00000000e0000000,0x00000000e0000000,0x00000000f5800000)
  from space 32768K, 17% used [0x00000000f7f00000,0x00000000f8490010,0x00000000f9f00000)
  to   space 36352K, 0% used [0x00000000f5800000,0x00000000f5800000,0x00000000f7b80000)
 ParOldGen       total 175616K, used 103776K [0x00000000a0000000, 0x00000000aab80000, 0x00000000e0000000)
  object space 175616K, 59% used [0x00000000a0000000,0x00000000a6558230,0x00000000aab80000)
 Metaspace       used 98836K, capacity 104162K, committed 105112K, reserved 1140736K
  class space    used 12451K, capacity 13406K, committed 13736K, reserved 1048576K
}
Event: 2886.965 GC heap before
{Heap before GC invocations=49 (full 4):
 PSYoungGen      total 385024K, used 357952K [0x00000000e0000000, 0x00000000f9f00000, 0x0000000100000000)
  eden space 352256K, 100% used [0x00000000e0000000,0x00000000f5800000,0x00000000f5800000)
  from space 32768K, 17% used [0x00000000f7f00000,0x00000000f8490010,0x00000000f9f00000)
  to   space 36352K, 0% used [0x00000000f5800000,0x00000000f5800000,0x00000000f7b80000)
 ParOldGen       total 175616K, used 103776K [0x00000000a0000000, 0x00000000aab80000, 0x00000000e0000000)
  object space 175616K, 59% used [0x00000000a0000000,0x00000000a6558230,0x00000000aab80000)
 Metaspace       used 98885K, capacity 104180K, committed 105112K, reserved 1140736K
  class space    used 12453K, capacity 13409K, committed 13736K, reserved 1048576K
Event: 2887.020 GC heap after
Heap after GC invocations=49 (full 4):
 PSYoungGen      total 388608K, used 10465K [0x00000000e0000000, 0x00000000fca80000, 0x0000000100000000)
  eden space 352256K, 0% used [0x00000000e0000000,0x00000000e0000000,0x00000000f5800000)
  from space 36352K, 28% used [0x00000000f5800000,0x00000000f62387c8,0x00000000f7b80000)
  to   space 34304K, 0% used [0x00000000fa900000,0x00000000fa900000,0x00000000fca80000)
 ParOldGen       total 175616K, used 108920K [0x00000000a0000000, 0x00000000aab80000, 0x00000000e0000000)
  object space 175616K, 62% used [0x00000000a0000000,0x00000000a6a5e250,0x00000000aab80000)
 Metaspace       used 98885K, capacity 104180K, committed 105112K, reserved 1140736K
  class space    used 12453K, capacity 13409K, committed 13736K, reserved 1048576K
}
Event: 2888.556 GC heap before
{Heap before GC invocations=50 (full 4):
 PSYoungGen      total 388608K, used 362721K [0x00000000e0000000, 0x00000000fca80000, 0x0000000100000000)
  eden space 352256K, 100% used [0x00000000e0000000,0x00000000f5800000,0x00000000f5800000)
  from space 36352K, 28% used [0x00000000f5800000,0x00000000f62387c8,0x00000000f7b80000)
  to   space 34304K, 0% used [0x00000000fa900000,0x00000000fa900000,0x00000000fca80000)
 ParOldGen       total 175616K, used 108920K [0x00000000a0000000, 0x00000000aab80000, 0x00000000e0000000)
  object space 175616K, 62% used [0x00000000a0000000,0x00000000a6a5e250,0x00000000aab80000)
 Metaspace       used 98909K, capacity 104180K, committed 105112K, reserved 1140736K
  class space    used 12453K, capacity 13409K, committed 13736K, reserved 1048576K
Event: 2888.601 GC heap after
Heap after GC invocations=50 (full 4):
 PSYoungGen      total 429056K, used 5632K [0x00000000e0000000, 0x00000000fc680000, 0x0000000100000000)
  eden space 398848K, 0% used [0x00000000e0000000,0x00000000e0000000,0x00000000f8580000)
  from space 30208K, 18% used [0x00000000fa900000,0x00000000fae80020,0x00000000fc680000)
  to   space 33280K, 0% used [0x00000000f8580000,0x00000000f8580000,0x00000000fa600000)
 ParOldGen       total 175616K, used 113360K [0x00000000a0000000, 0x00000000aab80000, 0x00000000e0000000)
  object space 175616K, 64% used [0x00000000a0000000,0x00000000a6eb4280,0x00000000aab80000)
 Metaspace       used 98909K, capacity 104180K, committed 105112K, reserved 1140736K
  class space    used 12453K, capacity 13409K, committed 13736K, reserved 1048576K
}
Event: 2891.466 GC heap before
{Heap before GC invocations=51 (full 4):
 PSYoungGen      total 429056K, used 404480K [0x00000000e0000000, 0x00000000fc680000, 0x0000000100000000)
  eden space 398848K, 100% used [0x00000000e0000000,0x00000000f8580000,0x00000000f8580000)
  from space 30208K, 18% used [0x00000000fa900000,0x00000000fae80020,0x00000000fc680000)
  to   space 33280K, 0% used [0x00000000f8580000,0x00000000f8580000,0x00000000fa600000)
 ParOldGen       total 175616K, used 113360K [0x00000000a0000000, 0x00000000aab80000, 0x00000000e0000000)
  object space 175616K, 64% used [0x00000000a0000000,0x00000000a6eb4280,0x00000000aab80000)
 Metaspace       used 98928K, capacity 104180K, committed 105112K, reserved 1140736K
  class space    used 12453K, capacity 13409K, committed 13736K, reserved 1048576K
Event: 2891.563 GC heap after
Heap after GC invocations=51 (full 4):
 PSYoungGen      total 432128K, used 7552K [0x00000000e0000000, 0x00000000ff700000, 0x0000000100000000)
  eden space 398848K, 0% used [0x00000000e0000000,0x00000000e0000000,0x00000000f8580000)
  from space 33280K, 22% used [0x00000000f8580000,0x00000000f8ce0010,0x00000000fa600000)
  to   space 32256K, 0% used [0x00000000fd780000,0x00000000fd780000,0x00000000ff700000)
 ParOldGen       total 175616K, used 118171K [0x00000000a0000000, 0x00000000aab80000, 0x00000000e0000000)
  object space 175616K, 67% used [0x00000000a0000000,0x00000000a7366d00,0x00000000aab80000)
 Metaspace       used 98928K, capacity 104180K, committed 105112K, reserved 1140736K
  class space    used 12453K, capacity 13409K, committed 13736K, reserved 1048576K
}

Deoptimization events (10 events):
Event: 2884.227 Thread 0x0000000023989000 Uncommon trap: reason=unstable_if action=reinterpret pc=0x000000000f2b5a30 method=java.io.WinNTFileSystem.resolve(Ljava/lang/String;Ljava/lang/String;)Ljava/lang/String; @ 36
Event: 2885.681 Thread 0x0000000023986000 Uncommon trap: reason=unstable_if action=reinterpret pc=0x0000000011c37a98 method=java.util.TimSort.mergeCollapse()V @ 61
Event: 2886.098 Thread 0x0000000023987000 Uncommon trap: reason=class_check action=maybe_recompile pc=0x00000000131252b4 method=com.android.tools.r8.ir.analysis.g.e.b(Lcom/android/tools/r8/ir/code/Instruction;)V @ 376
Event: 2887.438 Thread 0x0000000023989000 Uncommon trap: reason=class_check action=maybe_recompile pc=0x000000001151000c method=com.google.gson.stream.JsonWriter.string(Ljava/lang/String;)V @ 117
Event: 2888.315 Thread 0x000000002398a800 Uncommon trap: reason=class_check action=maybe_recompile pc=0x0000000013599b4c method=com.android.tools.r8.ir.code.f.removeOrReplaceByDebugLocalRead()V @ 13
Event: 2888.409 Thread 0x0000000023987000 Uncommon trap: reason=class_check action=maybe_recompile pc=0x0000000013599b4c method=com.android.tools.r8.ir.code.f.removeOrReplaceByDebugLocalRead()V @ 13
Event: 2888.847 Thread 0x000000002398a800 Uncommon trap: reason=class_check action=maybe_recompile pc=0x0000000013599b4c method=com.android.tools.r8.ir.code.f.removeOrReplaceByDebugLocalRead()V @ 13
Event: 2892.953 Thread 0x0000000021d01000 Uncommon trap: reason=unstable_if action=reinterpret pc=0x0000000011b7bb94 method=com.android.tools.r8.utils.LebUtils.parseUleb128(Lcom/android/tools/r8/dex/BinaryReader;)I @ 26
Event: 2893.465 Thread 0x0000000021d07000 Uncommon trap: reason=unstable_if action=reinterpret pc=0x000000000fb60130 method=com.android.tools.r8.dex.DexParser.j()Lcom/android/tools/r8/graph/DexValue; @ 47
Event: 2895.544 Thread 0x0000000021d08800 Uncommon trap: reason=unstable_if action=reinterpret pc=0x0000000010bbe6b8 method=java.nio.Bits.copyFromArray(Ljava/lang/Object;JJJJ)V @ 18

Classes redefined (0 events):
No events

Internal exceptions (10 events):
Event: 2887.424 Thread 0x0000000021d04800 Exception <a 'sun/nio/fs/WindowsException'> (0x00000000e74d71f0) thrown at [D:\src\AOSP-openjdk-cygwin\jdk8u\hotspot\src\share\vm\prims\jni.cpp, line 710]
Event: 2887.425 Thread 0x0000000021d04800 Exception <a 'sun/nio/fs/WindowsException'> (0x00000000e763bb70) thrown at [D:\src\AOSP-openjdk-cygwin\jdk8u\hotspot\src\share\vm\prims\jni.cpp, line 710]
Event: 2887.428 Thread 0x0000000021d04800 Exception <a 'sun/nio/fs/WindowsException'> (0x00000000e76998e0) thrown at [D:\src\AOSP-openjdk-cygwin\jdk8u\hotspot\src\share\vm\prims\jni.cpp, line 710]
Event: 2887.430 Thread 0x0000000021d04800 Exception <a 'sun/nio/fs/WindowsException'> (0x00000000e76a0188) thrown at [D:\src\AOSP-openjdk-cygwin\jdk8u\hotspot\src\share\vm\prims\jni.cpp, line 710]
Event: 2891.097 Thread 0x000000002398a000 Exception <a 'sun/nio/fs/WindowsException'> (0x00000000f54d2d88) thrown at [D:\src\AOSP-openjdk-cygwin\jdk8u\hotspot\src\share\vm\prims\jni.cpp, line 710]
Event: 2892.142 Thread 0x000000002398a800 Exception <a 'sun/nio/fs/WindowsException'> (0x00000000e2ef8948) thrown at [D:\src\AOSP-openjdk-cygwin\jdk8u\hotspot\src\share\vm\prims\jni.cpp, line 710]
Event: 2892.315 Thread 0x0000000023987000 Exception <a 'sun/nio/fs/WindowsException'> (0x00000000e3f4a660) thrown at [D:\src\AOSP-openjdk-cygwin\jdk8u\hotspot\src\share\vm\prims\jni.cpp, line 710]
Event: 2892.945 Thread 0x0000000021d01000 Exception <a 'sun/nio/fs/WindowsException'> (0x00000000e4b1c660) thrown at [D:\src\AOSP-openjdk-cygwin\jdk8u\hotspot\src\share\vm\prims\jni.cpp, line 710]
Event: 2895.540 Thread 0x0000000021d08800 Exception <a 'sun/nio/fs/WindowsException'> (0x00000000ebd12f10) thrown at [D:\src\AOSP-openjdk-cygwin\jdk8u\hotspot\src\share\vm\prims\jni.cpp, line 710]
Event: 2896.187 Thread 0x0000000021d06000 Exception <a 'sun/nio/fs/WindowsException'> (0x00000000ec4b71f0) thrown at [D:\src\AOSP-openjdk-cygwin\jdk8u\hotspot\src\share\vm\prims\jni.cpp, line 710]

Events (10 events):
Event: 2896.582 Thread 0x0000000009779800 flushing nmethod 0x0000000013017a50
Event: 2896.582 Thread 0x0000000009779800 flushing nmethod 0x00000000130d7890
Event: 2896.582 Thread 0x0000000009779800 flushing nmethod 0x00000000130d7f90
Event: 2896.583 Thread 0x0000000009779800 flushing nmethod 0x000000001328d9d0
Event: 2896.795 Executing VM operation: RevokeBias
Event: 2896.795 Executing VM operation: RevokeBias done
Event: 2896.805 Executing VM operation: BulkRevokeBias
Event: 2896.807 Executing VM operation: BulkRevokeBias done
Event: 2897.715 Thread 0x0000000021d09000 DEOPT PACKING pc=0x00000000130b36c4 sp=0x00000000313eea30
Event: 2897.715 Thread 0x0000000021d09000 DEOPT UNPACKING pc=0x000000000f0575d0 sp=0x00000000313ee760 mode 0


Dynamic libraries:
0x00007ff7ef550000 - 0x00007ff7ef581000 	C:\Program Files\Android\Android Studio\jre\bin\java.exe
0x00007fff7b0d0000 - 0x00007fff7b27c000 	C:\Windows\SYSTEM32\ntdll.dll
0x00007fff78830000 - 0x00007fff7896e000 	C:\Windows\system32\KERNEL32.DLL
0x00007fff78400000 - 0x00007fff78515000 	C:\Windows\system32\KERNELBASE.dll
0x00007fff791b0000 - 0x00007fff7925a000 	C:\Windows\system32\ADVAPI32.dll
0x00007fff7a7c0000 - 0x00007fff7a937000 	C:\Windows\system32\USER32.dll
0x00007fff762b0000 - 0x00007fff7652a000 	C:\Windows\WinSxS\amd64_microsoft.windows.common-controls_6595b64144ccf1df_6.0.9600.17810_none_6240b9c7ecbd0bda\COMCTL32.dll
0x00007fff7ad70000 - 0x00007fff7ae1a000 	C:\Windows\system32\msvcrt.dll
0x00007fff78e40000 - 0x00007fff78e99000 	C:\Windows\SYSTEM32\sechost.dll
0x00007fff78ff0000 - 0x00007fff79131000 	C:\Windows\system32\RPCRT4.dll
0x00007fff78ea0000 - 0x00007fff78fef000 	C:\Windows\system32\GDI32.dll
0x00007fff79260000 - 0x00007fff79296000 	C:\Windows\system32\IMM32.DLL
0x00007fff7aa60000 - 0x00007fff7abb2000 	C:\Windows\system32\MSCTF.dll
0x00007fff781e0000 - 0x00007fff78211000 	C:\Windows\system32\nvinitx.dll
0x000000000f000000 - 0x000000000f006000 	C:\Program Files\NVIDIA Corporation\CoProcManager\detoured.dll
0x00007fff75d00000 - 0x00007fff75d5f000 	C:\Program Files\NVIDIA Corporation\CoProcManager\nvd3d9wrapx.dll
0x00007fff78980000 - 0x00007fff78b5a000 	C:\Windows\system32\SETUPAPI.dll
0x00007fff783b0000 - 0x00007fff783ff000 	C:\Windows\system32\CFGMGR32.dll
0x00007fff76150000 - 0x00007fff76196000 	C:\Program Files\NVIDIA Corporation\CoProcManager\nvdxgiwrapx.dll
0x00000000528c0000 - 0x0000000052992000 	C:\Program Files\Android\Android Studio\jre\jre\bin\msvcr100.dll
0x00000000529a0000 - 0x00000000531e6000 	C:\Program Files\Android\Android Studio\jre\jre\bin\server\jvm.dll
0x00007fff6cb90000 - 0x00007fff6cb99000 	C:\Windows\SYSTEM32\WSOCK32.dll
0x00007fff75700000 - 0x00007fff75722000 	C:\Windows\SYSTEM32\WINMM.dll
0x00007fff757c0000 - 0x00007fff757ca000 	C:\Windows\SYSTEM32\VERSION.dll
0x00007fff78970000 - 0x00007fff78977000 	C:\Windows\system32\PSAPI.DLL
0x00007fff78b70000 - 0x00007fff78bca000 	C:\Windows\system32\WS2_32.dll
0x00007fff75300000 - 0x00007fff7532a000 	C:\Windows\SYSTEM32\WINMMBASE.dll
0x00007fff78b60000 - 0x00007fff78b69000 	C:\Windows\system32\NSI.dll
0x00007fff76fe0000 - 0x00007fff77008000 	C:\Windows\SYSTEM32\DEVOBJ.dll
0x00007fff75e10000 - 0x00007fff75e1f000 	C:\Program Files\Android\Android Studio\jre\jre\bin\verify.dll
0x00007fff75c30000 - 0x00007fff75c59000 	C:\Program Files\Android\Android Studio\jre\jre\bin\java.dll
0x00007fff75c10000 - 0x00007fff75c26000 	C:\Program Files\Android\Android Studio\jre\jre\bin\zip.dll
0x00007fff792a0000 - 0x00007fff7a7b9000 	C:\Windows\system32\SHELL32.dll
0x00007fff7ae40000 - 0x00007fff7b051000 	C:\Windows\SYSTEM32\combase.dll
0x00007fff7b070000 - 0x00007fff7b0c4000 	C:\Windows\system32\SHLWAPI.dll
0x00007fff76740000 - 0x00007fff767f2000 	C:\Windows\SYSTEM32\SHCORE.dll
0x00007fff78230000 - 0x00007fff78245000 	C:\Windows\SYSTEM32\profapi.dll
0x00007fff75b40000 - 0x00007fff75b5a000 	C:\Program Files\Android\Android Studio\jre\jre\bin\net.dll
0x00007fff77a00000 - 0x00007fff77a59000 	C:\Windows\system32\mswsock.dll
0x00007fff756e0000 - 0x00007fff756f1000 	C:\Program Files\Android\Android Studio\jre\jre\bin\nio.dll
0x00007fff55540000 - 0x00007fff55566000 	C:\Users\AlexV\.gradle\native\29\windows-amd64\native-platform.dll
0x00007fff75cf0000 - 0x00007fff75cfd000 	C:\Program Files\Android\Android Studio\jre\jre\bin\management.dll
0x00007fff77a60000 - 0x00007fff77a80000 	C:\Windows\SYSTEM32\CRYPTSP.dll
0x00007fff77680000 - 0x00007fff776b6000 	C:\Windows\system32\rsaenh.dll
0x00007fff77d10000 - 0x00007fff77d36000 	C:\Windows\SYSTEM32\bcrypt.dll
0x00007fff77790000 - 0x00007fff777b1000 	C:\Windows\SYSTEM32\USERENV.dll
0x00007fff78050000 - 0x00007fff780b3000 	C:\Windows\system32\bcryptprimitives.dll
0x00007fff780c0000 - 0x00007fff780cb000 	C:\Windows\SYSTEM32\CRYPTBASE.dll
0x00007fff72340000 - 0x00007fff7236a000 	C:\Windows\SYSTEM32\IPHLPAPI.DLL
0x00007fff72320000 - 0x00007fff7232a000 	C:\Windows\SYSTEM32\WINNSI.DLL
0x00007fff71fc0000 - 0x00007fff71fd6000 	C:\Windows\SYSTEM32\dhcpcsvc6.DLL
0x00007fff71fe0000 - 0x00007fff71ffa000 	C:\Windows\SYSTEM32\dhcpcsvc.DLL
0x00007fff48170000 - 0x00007fff4830c000 	C:\Program Files\Android\Android Studio\jre\jre\bin\awt.dll
0x00007fff76530000 - 0x00007fff76551000 	C:\Windows\SYSTEM32\dwmapi.dll
0x00007fff78760000 - 0x00007fff78821000 	C:\Windows\system32\OLEAUT32.dll
0x00007fff54e10000 - 0x00007fff55291000 	C:\Windows\SYSTEM32\d2d1.dll
0x00007fff76d90000 - 0x00007fff76e1e000 	C:\Windows\system32\apphelp.dll
0x00007fff76e60000 - 0x00007fff76f89000 	C:\Windows\system32\uxtheme.dll

VM Arguments:
jvm_args: -Xmx1536m -Dfile.encoding=windows-1251 -Duser.country=RU -Duser.language=ru -Duser.variant 
java_command: org.gradle.launcher.daemon.bootstrap.GradleDaemon 5.4.1
java_class_path (initial): C:\Users\AlexV\.gradle\wrapper\dists\gradle-5.4.1-all\3221gyojl5jsh0helicew7rwx\gradle-5.4.1\lib\gradle-launcher-5.4.1.jar
Launcher Type: SUN_STANDARD

Environment Variables:
JAVA_HOME=C:\Program Files (x86)\Java\jdk1.8.0_181
PATH=C:\Program Files (x86)\Common Files\Oracle\Java\javapath;C:\Program Files\Microsoft MPI\Bin\;C:\Program Files (x86)\Intel\iCLS Client\;C:\Program Files\Intel\iCLS Client\;C:\Program Files (x86)\NVIDIA Corporation\PhysX\Common;C:\Windows\system32;C:\Windows;C:\Windows\System32\Wbem;C:\Windows\System32\WindowsPowerShell\v1.0\;C:\Program Files\Intel\Intel(R) Management Engine Components\DAL;C:\Program Files\Intel\Intel(R) Management Engine Components\IPT;C:\Program Files (x86)\Intel\Intel(R) Management Engine Components\DAL;C:\Program Files (x86)\Intel\Intel(R) Management Engine Components\IPT;C:\Program Files\Intel\WiFi\bin\;C:\Program Files\Common Files\Intel\WirelessCommon\;C:\Program Files\Calibre2\;C:\Program Files (x86)\Skype\Phone\;C:\Program Files\dotnet\;C:\Program Files\Microsoft SQL Server\130\Tools\Binn\;C:\Program Files\Git\cmd;C:\Program Files (x86)\Microsoft SQL Server\140\Tools\Binn\;C:\Program Files\Microsoft SQL Server\Client SDK\ODBC\130\Tools\Binn\;C:\Program Files\Microsoft SQL Server\140\Tools\Binn\;C:\Program Files\Microsoft SQL Server\140\DTS\Binn\;C:\Program Files (x86)\Microsoft SQL Server\Client SDK\ODBC\130\Tools\Binn\;C:\Program Files (x86)\Microsoft SQL Server\140\DTS\Binn\;C:\Program Files (x86)\Microsoft SQL Server\140\Tools\Binn\ManagementStudio\;C:\Program Files\Microsoft SQL Server\Client SDK\ODBC\170\Tools\Binn\;C:\Program Files\Intel\WiFi\bin\;C:\Program Files\Common Files\Intel\WirelessCommon\;C:\Program Files\JetBrains\PyCharm Community Edition 2019.1.3\bin;;C:\Program Files\JetBrains\IntelliJ IDEA Community Edition 2019.2.2\bin;
USERNAME=AlexV
OS=Windows_NT
PROCESSOR_IDENTIFIER=Intel64 Family 6 Model 58 Stepping 9, GenuineIntel



---------------  S Y S T E M  ---------------

OS: Windows 8.1 , 64 bit Build 9600 (6.3.9600.17415)

CPU:total 8 (initial active 8) (4 cores per cpu, 2 threads per core) family 6 model 58 stepping 9, cmov, cx8, fxsr, mmx, sse, sse2, sse3, ssse3, sse4.1, sse4.2, popcnt, avx, aes, clmul, erms, ht, tsc, tscinvbit, tscinv

Memory: 4k page, physical 8271412k(147040k free), swap 12981812k(14820k free)

vm_info: OpenJDK 64-Bit Server VM (25.202-b03) for windows-amd64 JRE (1.8.0_202-release-1483-b03), built by "builder" with MS VC++ 10.0 (VS2010)

time: Fri Dec 20 01:00:07 2019
timezone: Беларусь (зима)
elapsed time: 2897 seconds (0d 0h 48m 17s)

